<?xml version="1.0" encoding="utf-8"?>
<CoverageSession xmlns:xsd="http://www.w3.org/2001/XMLSchema" xmlns:xsi="http://www.w3.org/2001/XMLSchema-instance" Version="4.7.922.0">
  <Summary numSequencePoints="590" visitedSequencePoints="146" numBranchPoints="125" visitedBranchPoints="82" sequenceCoverage="24.75" branchCoverage="65.6" maxCyclomaticComplexity="8" minCyclomaticComplexity="1" maxCrapScore="72" minCrapScore="1" visitedClasses="9" numClasses="11" visitedMethods="47" numMethods="65" />
  <Modules>
    <Module hash="F1-4D-20-09-87-75-92-7D-29-DD-E4-68-60-8C-FD-03-7C-D9-D9-2D">
      <Summary numSequencePoints="71" visitedSequencePoints="71" numBranchPoints="3" visitedBranchPoints="3" sequenceCoverage="100" branchCoverage="100" maxCyclomaticComplexity="1" minCyclomaticComplexity="1" maxCrapScore="2" minCrapScore="1" visitedClasses="2" numClasses="2" visitedMethods="3" numMethods="3" />
      <ModulePath>C:\Users\User\OneDrive\Desktop\VSP\TerritoryCleaningTests\bin\Debug\fine-code-coverage\build-output\TerritoryCleaningTests.dll</ModulePath>
      <ModuleTime>2023-05-09T22:43:18.5263214Z</ModuleTime>
      <ModuleName>TerritoryCleaningTests</ModuleName>
      <Files>
        <File uid="1" fullPath="C:\Users\User\OneDrive\Desktop\VSP\TerritoryCleaningTests\FindTheAveragePaymentFromAllFamilies.cs" />
        <File uid="2" fullPath="C:\Users\User\OneDrive\Desktop\VSP\TerritoryCleaningTests\FilterAllFamiliesTests.cs" />
      </Files>
      <Classes>
        <Class>
          <Summary numSequencePoints="25" visitedSequencePoints="25" numBranchPoints="1" visitedBranchPoints="1" sequenceCoverage="100" branchCoverage="100" maxCyclomaticComplexity="1" minCyclomaticComplexity="1" maxCrapScore="2" minCrapScore="1" visitedClasses="1" numClasses="1" visitedMethods="1" numMethods="1" />
          <FullName>TerritoryCleaning.Tests.FindTheAveragePaymentFromAllFamilies</FullName>
          <Methods>
            <Method visited="true" cyclomaticComplexity="1" nPathComplexity="0" sequenceCoverage="100" branchCoverage="100" crapScore="1" isConstructor="false" isStatic="false" isGetter="false" isSetter="false">
              <Summary numSequencePoints="25" visitedSequencePoints="25" numBranchPoints="1" visitedBranchPoints="1" sequenceCoverage="100" branchCoverage="100" maxCyclomaticComplexity="1" minCyclomaticComplexity="1" maxCrapScore="1" minCrapScore="1" visitedClasses="0" numClasses="0" visitedMethods="1" numMethods="1" />
              <MetadataToken>100663297</MetadataToken>
              <Name>System.Void TerritoryCleaning.Tests.FindTheAveragePaymentFromAllFamilies::FindTheAveragePaymentFromAllFamilies_CheckIfCountIsRight_True()</Name>
              <FileRef uid="1" />
              <SequencePoints>
                <SequencePoint vc="1" uspid="1" ordinal="0" offset="0" sl="16" sc="9" el="16" ec="10" bec="0" bev="0" fileid="1" />
                <SequencePoint vc="1" uspid="2" ordinal="1" offset="1" sl="17" sc="13" el="17" ec="71" bec="0" bev="0" fileid="1" />
                <SequencePoint vc="1" uspid="3" ordinal="2" offset="7" sl="19" sc="13" el="19" ec="56" bec="0" bev="0" fileid="1" />
                <SequencePoint vc="1" uspid="4" ordinal="3" offset="13" sl="20" sc="13" el="20" ec="76" bec="0" bev="0" fileid="1" />
                <SequencePoint vc="1" uspid="5" ordinal="4" offset="40" sl="21" sc="13" el="21" ec="76" bec="0" bev="0" fileid="1" />
                <SequencePoint vc="1" uspid="6" ordinal="5" offset="67" sl="22" sc="13" el="22" ec="77" bec="0" bev="0" fileid="1" />
                <SequencePoint vc="1" uspid="7" ordinal="6" offset="95" sl="23" sc="13" el="23" ec="74" bec="0" bev="0" fileid="1" />
                <SequencePoint vc="1" uspid="8" ordinal="7" offset="123" sl="25" sc="13" el="25" ec="33" bec="0" bev="0" fileid="1" />
                <SequencePoint vc="1" uspid="9" ordinal="8" offset="131" sl="26" sc="13" el="26" ec="34" bec="0" bev="0" fileid="1" />
                <SequencePoint vc="1" uspid="10" ordinal="9" offset="139" sl="27" sc="13" el="27" ec="33" bec="0" bev="0" fileid="1" />
                <SequencePoint vc="1" uspid="11" ordinal="10" offset="148" sl="28" sc="13" el="28" ec="34" bec="0" bev="0" fileid="1" />
                <SequencePoint vc="1" uspid="12" ordinal="11" offset="157" sl="30" sc="13" el="30" ec="39" bec="0" bev="0" fileid="1" />
                <SequencePoint vc="1" uspid="13" ordinal="12" offset="165" sl="32" sc="13" el="32" ec="62" bec="0" bev="0" fileid="1" />
                <SequencePoint vc="1" uspid="14" ordinal="13" offset="173" sl="34" sc="13" el="34" ec="49" bec="0" bev="0" fileid="1" />
                <SequencePoint vc="1" uspid="15" ordinal="14" offset="180" sl="35" sc="13" el="35" ec="46" bec="0" bev="0" fileid="1" />
                <SequencePoint vc="1" uspid="16" ordinal="15" offset="198" sl="36" sc="13" el="36" ec="46" bec="0" bev="0" fileid="1" />
                <SequencePoint vc="1" uspid="17" ordinal="16" offset="216" sl="37" sc="13" el="37" ec="46" bec="0" bev="0" fileid="1" />
                <SequencePoint vc="1" uspid="18" ordinal="17" offset="234" sl="38" sc="13" el="38" ec="46" bec="0" bev="0" fileid="1" />
                <SequencePoint vc="1" uspid="19" ordinal="18" offset="252" sl="40" sc="13" el="40" ec="30" bec="0" bev="0" fileid="1" />
                <SequencePoint vc="1" uspid="20" ordinal="19" offset="262" sl="41" sc="13" el="41" ec="30" bec="0" bev="0" fileid="1" />
                <SequencePoint vc="1" uspid="21" ordinal="20" offset="272" sl="42" sc="13" el="42" ec="30" bec="0" bev="0" fileid="1" />
                <SequencePoint vc="1" uspid="22" ordinal="21" offset="282" sl="43" sc="13" el="43" ec="30" bec="0" bev="0" fileid="1" />
                <SequencePoint vc="1" uspid="23" ordinal="22" offset="292" sl="45" sc="13" el="45" ec="84" bec="0" bev="0" fileid="1" />
                <SequencePoint vc="1" uspid="24" ordinal="23" offset="303" sl="46" sc="13" el="46" ec="43" bec="0" bev="0" fileid="1" />
                <SequencePoint vc="1" uspid="25" ordinal="24" offset="320" sl="47" sc="9" el="47" ec="10" bec="0" bev="0" fileid="1" />
              </SequencePoints>
              <BranchPoints />
              <MethodPoint xsi:type="SequencePoint" vc="1" uspid="1" ordinal="0" offset="0" sl="16" sc="9" el="16" ec="10" bec="0" bev="0" fileid="1" />
            </Method>
            <Method visited="false" cyclomaticComplexity="1" nPathComplexity="0" sequenceCoverage="0" branchCoverage="0" crapScore="2" isConstructor="true" isStatic="false" isGetter="false" isSetter="false">
              <Summary numSequencePoints="0" visitedSequencePoints="0" numBranchPoints="0" visitedBranchPoints="0" sequenceCoverage="0" branchCoverage="0" maxCyclomaticComplexity="1" minCyclomaticComplexity="1" maxCrapScore="2" minCrapScore="2" visitedClasses="0" numClasses="0" visitedMethods="0" numMethods="0" />
              <MetadataToken>100663298</MetadataToken>
              <Name>System.Void TerritoryCleaning.Tests.FindTheAveragePaymentFromAllFamilies::.ctor()</Name>
              <SequencePoints />
              <BranchPoints />
              <MethodPoint vc="0" uspid="26" ordinal="0" offset="0" />
            </Method>
          </Methods>
        </Class>
        <Class>
          <Summary numSequencePoints="46" visitedSequencePoints="46" numBranchPoints="2" visitedBranchPoints="2" sequenceCoverage="100" branchCoverage="100" maxCyclomaticComplexity="1" minCyclomaticComplexity="1" maxCrapScore="2" minCrapScore="1" visitedClasses="1" numClasses="1" visitedMethods="2" numMethods="2" />
          <FullName>TerritoryCleaning.Tests.FilterAllFamiliesTests</FullName>
          <Methods>
            <Method visited="true" cyclomaticComplexity="1" nPathComplexity="0" sequenceCoverage="100" branchCoverage="100" crapScore="1" isConstructor="false" isStatic="false" isGetter="false" isSetter="false">
              <Summary numSequencePoints="21" visitedSequencePoints="21" numBranchPoints="1" visitedBranchPoints="1" sequenceCoverage="100" branchCoverage="100" maxCyclomaticComplexity="1" minCyclomaticComplexity="1" maxCrapScore="1" minCrapScore="1" visitedClasses="0" numClasses="0" visitedMethods="1" numMethods="1" />
              <MetadataToken>100663299</MetadataToken>
              <Name>System.Void TerritoryCleaning.Tests.FilterAllFamiliesTests::FilterAllFamiliesFirst_CheckIfCountIsRight_True(System.Double,System.Int32)</Name>
              <FileRef uid="2" />
              <SequencePoints>
                <SequencePoint vc="4" uspid="27" ordinal="0" offset="0" sl="20" sc="9" el="20" ec="10" bec="0" bev="0" fileid="2" />
                <SequencePoint vc="4" uspid="28" ordinal="1" offset="1" sl="21" sc="13" el="21" ec="71" bec="0" bev="0" fileid="2" />
                <SequencePoint vc="4" uspid="29" ordinal="2" offset="7" sl="23" sc="13" el="23" ec="56" bec="0" bev="0" fileid="2" />
                <SequencePoint vc="4" uspid="30" ordinal="3" offset="13" sl="24" sc="13" el="24" ec="76" bec="0" bev="0" fileid="2" />
                <SequencePoint vc="4" uspid="31" ordinal="4" offset="40" sl="25" sc="13" el="25" ec="76" bec="0" bev="0" fileid="2" />
                <SequencePoint vc="4" uspid="32" ordinal="5" offset="67" sl="26" sc="13" el="26" ec="77" bec="0" bev="0" fileid="2" />
                <SequencePoint vc="4" uspid="33" ordinal="6" offset="95" sl="28" sc="13" el="28" ec="33" bec="0" bev="0" fileid="2" />
                <SequencePoint vc="4" uspid="34" ordinal="7" offset="103" sl="29" sc="13" el="29" ec="34" bec="0" bev="0" fileid="2" />
                <SequencePoint vc="4" uspid="35" ordinal="8" offset="111" sl="30" sc="13" el="30" ec="33" bec="0" bev="0" fileid="2" />
                <SequencePoint vc="4" uspid="36" ordinal="9" offset="120" sl="32" sc="13" el="32" ec="39" bec="0" bev="0" fileid="2" />
                <SequencePoint vc="4" uspid="37" ordinal="10" offset="128" sl="34" sc="13" el="34" ec="62" bec="0" bev="0" fileid="2" />
                <SequencePoint vc="4" uspid="38" ordinal="11" offset="136" sl="36" sc="13" el="36" ec="49" bec="0" bev="0" fileid="2" />
                <SequencePoint vc="4" uspid="39" ordinal="12" offset="143" sl="37" sc="13" el="37" ec="46" bec="0" bev="0" fileid="2" />
                <SequencePoint vc="4" uspid="40" ordinal="13" offset="161" sl="38" sc="13" el="38" ec="46" bec="0" bev="0" fileid="2" />
                <SequencePoint vc="4" uspid="41" ordinal="14" offset="179" sl="39" sc="13" el="39" ec="46" bec="0" bev="0" fileid="2" />
                <SequencePoint vc="4" uspid="42" ordinal="15" offset="197" sl="41" sc="13" el="41" ec="30" bec="0" bev="0" fileid="2" />
                <SequencePoint vc="4" uspid="43" ordinal="16" offset="207" sl="42" sc="13" el="42" ec="30" bec="0" bev="0" fileid="2" />
                <SequencePoint vc="4" uspid="44" ordinal="17" offset="217" sl="43" sc="13" el="43" ec="30" bec="0" bev="0" fileid="2" />
                <SequencePoint vc="4" uspid="45" ordinal="18" offset="227" sl="45" sc="13" el="45" ec="80" bec="0" bev="0" fileid="2" />
                <SequencePoint vc="4" uspid="46" ordinal="19" offset="239" sl="46" sc="13" el="46" ec="54" bec="0" bev="0" fileid="2" />
                <SequencePoint vc="4" uspid="47" ordinal="20" offset="253" sl="47" sc="9" el="47" ec="10" bec="0" bev="0" fileid="2" />
              </SequencePoints>
              <BranchPoints />
              <MethodPoint xsi:type="SequencePoint" vc="4" uspid="27" ordinal="0" offset="0" sl="20" sc="9" el="20" ec="10" bec="0" bev="0" fileid="2" />
            </Method>
            <Method visited="true" cyclomaticComplexity="1" nPathComplexity="0" sequenceCoverage="100" branchCoverage="100" crapScore="1" isConstructor="false" isStatic="false" isGetter="false" isSetter="false">
              <Summary numSequencePoints="25" visitedSequencePoints="25" numBranchPoints="1" visitedBranchPoints="1" sequenceCoverage="100" branchCoverage="100" maxCyclomaticComplexity="1" minCyclomaticComplexity="1" maxCrapScore="1" minCrapScore="1" visitedClasses="0" numClasses="0" visitedMethods="1" numMethods="1" />
              <MetadataToken>100663300</MetadataToken>
              <Name>System.Void TerritoryCleaning.Tests.FilterAllFamiliesTests::FilterAllFamiliesSecond_CheckIfCountIsRight_True()</Name>
              <FileRef uid="2" />
              <SequencePoints>
                <SequencePoint vc="1" uspid="48" ordinal="0" offset="0" sl="50" sc="9" el="50" ec="10" bec="0" bev="0" fileid="2" />
                <SequencePoint vc="1" uspid="49" ordinal="1" offset="1" sl="51" sc="13" el="51" ec="71" bec="0" bev="0" fileid="2" />
                <SequencePoint vc="1" uspid="50" ordinal="2" offset="7" sl="53" sc="13" el="53" ec="56" bec="0" bev="0" fileid="2" />
                <SequencePoint vc="1" uspid="51" ordinal="3" offset="13" sl="54" sc="13" el="54" ec="76" bec="0" bev="0" fileid="2" />
                <SequencePoint vc="1" uspid="52" ordinal="4" offset="40" sl="55" sc="13" el="55" ec="76" bec="0" bev="0" fileid="2" />
                <SequencePoint vc="1" uspid="53" ordinal="5" offset="67" sl="56" sc="13" el="56" ec="77" bec="0" bev="0" fileid="2" />
                <SequencePoint vc="1" uspid="54" ordinal="6" offset="95" sl="57" sc="13" el="57" ec="74" bec="0" bev="0" fileid="2" />
                <SequencePoint vc="1" uspid="55" ordinal="7" offset="123" sl="59" sc="13" el="59" ec="33" bec="0" bev="0" fileid="2" />
                <SequencePoint vc="1" uspid="56" ordinal="8" offset="131" sl="60" sc="13" el="60" ec="34" bec="0" bev="0" fileid="2" />
                <SequencePoint vc="1" uspid="57" ordinal="9" offset="139" sl="61" sc="13" el="61" ec="33" bec="0" bev="0" fileid="2" />
                <SequencePoint vc="1" uspid="58" ordinal="10" offset="148" sl="62" sc="13" el="62" ec="34" bec="0" bev="0" fileid="2" />
                <SequencePoint vc="1" uspid="59" ordinal="11" offset="157" sl="64" sc="13" el="64" ec="39" bec="0" bev="0" fileid="2" />
                <SequencePoint vc="1" uspid="60" ordinal="12" offset="165" sl="66" sc="13" el="66" ec="62" bec="0" bev="0" fileid="2" />
                <SequencePoint vc="1" uspid="61" ordinal="13" offset="173" sl="68" sc="13" el="68" ec="49" bec="0" bev="0" fileid="2" />
                <SequencePoint vc="1" uspid="62" ordinal="14" offset="180" sl="69" sc="13" el="69" ec="46" bec="0" bev="0" fileid="2" />
                <SequencePoint vc="1" uspid="63" ordinal="15" offset="198" sl="70" sc="13" el="70" ec="46" bec="0" bev="0" fileid="2" />
                <SequencePoint vc="1" uspid="64" ordinal="16" offset="216" sl="71" sc="13" el="71" ec="46" bec="0" bev="0" fileid="2" />
                <SequencePoint vc="1" uspid="65" ordinal="17" offset="234" sl="72" sc="13" el="72" ec="46" bec="0" bev="0" fileid="2" />
                <SequencePoint vc="1" uspid="66" ordinal="18" offset="252" sl="74" sc="13" el="74" ec="30" bec="0" bev="0" fileid="2" />
                <SequencePoint vc="1" uspid="67" ordinal="19" offset="262" sl="75" sc="13" el="75" ec="30" bec="0" bev="0" fileid="2" />
                <SequencePoint vc="1" uspid="68" ordinal="20" offset="272" sl="76" sc="13" el="76" ec="30" bec="0" bev="0" fileid="2" />
                <SequencePoint vc="1" uspid="69" ordinal="21" offset="282" sl="77" sc="13" el="77" ec="30" bec="0" bev="0" fileid="2" />
                <SequencePoint vc="1" uspid="70" ordinal="22" offset="292" sl="79" sc="13" el="79" ec="72" bec="0" bev="0" fileid="2" />
                <SequencePoint vc="1" uspid="71" ordinal="23" offset="303" sl="80" sc="13" el="80" ec="50" bec="0" bev="0" fileid="2" />
                <SequencePoint vc="1" uspid="72" ordinal="24" offset="317" sl="81" sc="9" el="81" ec="10" bec="0" bev="0" fileid="2" />
              </SequencePoints>
              <BranchPoints />
              <MethodPoint xsi:type="SequencePoint" vc="1" uspid="48" ordinal="0" offset="0" sl="50" sc="9" el="50" ec="10" bec="0" bev="0" fileid="2" />
            </Method>
            <Method visited="false" cyclomaticComplexity="1" nPathComplexity="0" sequenceCoverage="0" branchCoverage="0" crapScore="2" isConstructor="true" isStatic="false" isGetter="false" isSetter="false">
              <Summary numSequencePoints="0" visitedSequencePoints="0" numBranchPoints="0" visitedBranchPoints="0" sequenceCoverage="0" branchCoverage="0" maxCyclomaticComplexity="1" minCyclomaticComplexity="1" maxCrapScore="2" minCrapScore="2" visitedClasses="0" numClasses="0" visitedMethods="0" numMethods="0" />
              <MetadataToken>100663301</MetadataToken>
              <Name>System.Void TerritoryCleaning.Tests.FilterAllFamiliesTests::.ctor()</Name>
              <SequencePoints />
              <BranchPoints />
              <MethodPoint vc="0" uspid="73" ordinal="0" offset="0" />
            </Method>
          </Methods>
        </Class>
      </Classes>
    </Module>
    <Module hash="2E-86-06-8C-CB-59-10-9E-F9-10-0A-5A-8C-33-C3-C3-51-A1-26-98">
      <Summary numSequencePoints="519" visitedSequencePoints="75" numBranchPoints="122" visitedBranchPoints="79" sequenceCoverage="14.45" branchCoverage="64.75" maxCyclomaticComplexity="8" minCyclomaticComplexity="1" maxCrapScore="72" minCrapScore="1" visitedClasses="7" numClasses="9" visitedMethods="44" numMethods="62" />
      <ModulePath>C:\Users\User\OneDrive\Desktop\VSP\TerritoryCleaningTests\bin\Debug\fine-code-coverage\build-output\TerritoryCleaning.dll</ModulePath>
      <ModuleTime>2023-05-09T22:37:37.9608618Z</ModuleTime>
      <ModuleName>TerritoryCleaning</ModuleName>
      <Files>
        <File uid="5" fullPath="C:\Users\User\OneDrive\Desktop\VSP\TerritoryCleaning\Cost.cs" />
        <File uid="6" fullPath="C:\Users\User\OneDrive\Desktop\VSP\TerritoryCleaning\Family.cs" />
        <File uid="7" fullPath="C:\Users\User\OneDrive\Desktop\VSP\TerritoryCleaning\InOut.cs" />
        <File uid="8" fullPath="C:\Users\User\OneDrive\Desktop\VSP\TerritoryCleaning\TaskUtils.cs" />
        <File uid="13" fullPath="C:\Users\User\OneDrive\Desktop\VSP\TerritoryCleaning\UIForClient.aspx.cs" />
        <File uid="14" fullPath="C:\Users\User\OneDrive\Desktop\VSP\TerritoryCleaning\UIForClient.cs" />
      </Files>
      <Classes>
        <Class>
          <Summary numSequencePoints="0" visitedSequencePoints="0" numBranchPoints="0" visitedBranchPoints="0" sequenceCoverage="0" branchCoverage="0" maxCyclomaticComplexity="5" minCyclomaticComplexity="1" maxCrapScore="30" minCrapScore="2" visitedClasses="0" numClasses="0" visitedMethods="0" numMethods="0" />
          <FullName>&lt;&gt;f__AnonymousType0`2</FullName>
          <Methods>
            <Method visited="false" cyclomaticComplexity="1" nPathComplexity="0" sequenceCoverage="0" branchCoverage="0" crapScore="2" isConstructor="false" isStatic="false" isGetter="true" isSetter="false">
              <Summary numSequencePoints="0" visitedSequencePoints="0" numBranchPoints="0" visitedBranchPoints="0" sequenceCoverage="0" branchCoverage="0" maxCyclomaticComplexity="1" minCyclomaticComplexity="1" maxCrapScore="2" minCrapScore="2" visitedClasses="0" numClasses="0" visitedMethods="0" numMethods="0" />
              <MetadataToken>100663297</MetadataToken>
              <Name>&lt;family&gt;j__TPar &lt;&gt;f__AnonymousType0`2::get_family()</Name>
              <SequencePoints />
              <BranchPoints />
              <MethodPoint vc="0" uspid="74" ordinal="0" offset="0" />
            </Method>
            <Method visited="false" cyclomaticComplexity="1" nPathComplexity="0" sequenceCoverage="0" branchCoverage="0" crapScore="2" isConstructor="false" isStatic="false" isGetter="true" isSetter="false">
              <Summary numSequencePoints="0" visitedSequencePoints="0" numBranchPoints="0" visitedBranchPoints="0" sequenceCoverage="0" branchCoverage="0" maxCyclomaticComplexity="1" minCyclomaticComplexity="1" maxCrapScore="2" minCrapScore="2" visitedClasses="0" numClasses="0" visitedMethods="0" numMethods="0" />
              <MetadataToken>100663298</MetadataToken>
              <Name>&lt;cost&gt;j__TPar &lt;&gt;f__AnonymousType0`2::get_cost()</Name>
              <SequencePoints />
              <BranchPoints />
              <MethodPoint vc="0" uspid="75" ordinal="0" offset="0" />
            </Method>
            <Method visited="false" cyclomaticComplexity="1" nPathComplexity="0" sequenceCoverage="0" branchCoverage="0" crapScore="2" isConstructor="true" isStatic="false" isGetter="false" isSetter="false">
              <Summary numSequencePoints="0" visitedSequencePoints="0" numBranchPoints="0" visitedBranchPoints="0" sequenceCoverage="0" branchCoverage="0" maxCyclomaticComplexity="1" minCyclomaticComplexity="1" maxCrapScore="2" minCrapScore="2" visitedClasses="0" numClasses="0" visitedMethods="0" numMethods="0" />
              <MetadataToken>100663299</MetadataToken>
              <Name>System.Void &lt;&gt;f__AnonymousType0`2::.ctor(&lt;family&gt;j__TPar,&lt;cost&gt;j__TPar)</Name>
              <SequencePoints />
              <BranchPoints />
              <MethodPoint vc="0" uspid="76" ordinal="0" offset="0" />
            </Method>
            <Method visited="false" cyclomaticComplexity="5" nPathComplexity="0" sequenceCoverage="0" branchCoverage="0" crapScore="30" isConstructor="false" isStatic="false" isGetter="false" isSetter="false">
              <Summary numSequencePoints="0" visitedSequencePoints="0" numBranchPoints="0" visitedBranchPoints="0" sequenceCoverage="0" branchCoverage="0" maxCyclomaticComplexity="5" minCyclomaticComplexity="5" maxCrapScore="30" minCrapScore="30" visitedClasses="0" numClasses="0" visitedMethods="0" numMethods="0" />
              <MetadataToken>100663300</MetadataToken>
              <Name>System.Boolean &lt;&gt;f__AnonymousType0`2::Equals(System.Object)</Name>
              <SequencePoints />
              <BranchPoints />
              <MethodPoint vc="0" uspid="77" ordinal="0" offset="0" />
            </Method>
            <Method visited="false" cyclomaticComplexity="1" nPathComplexity="0" sequenceCoverage="0" branchCoverage="0" crapScore="2" isConstructor="false" isStatic="false" isGetter="false" isSetter="false">
              <Summary numSequencePoints="0" visitedSequencePoints="0" numBranchPoints="0" visitedBranchPoints="0" sequenceCoverage="0" branchCoverage="0" maxCyclomaticComplexity="1" minCyclomaticComplexity="1" maxCrapScore="2" minCrapScore="2" visitedClasses="0" numClasses="0" visitedMethods="0" numMethods="0" />
              <MetadataToken>100663301</MetadataToken>
              <Name>System.Int32 &lt;&gt;f__AnonymousType0`2::GetHashCode()</Name>
              <SequencePoints />
              <BranchPoints />
              <MethodPoint vc="0" uspid="78" ordinal="0" offset="0" />
            </Method>
            <Method visited="false" cyclomaticComplexity="5" nPathComplexity="0" sequenceCoverage="0" branchCoverage="0" crapScore="30" isConstructor="false" isStatic="false" isGetter="false" isSetter="false">
              <Summary numSequencePoints="0" visitedSequencePoints="0" numBranchPoints="0" visitedBranchPoints="0" sequenceCoverage="0" branchCoverage="0" maxCyclomaticComplexity="5" minCyclomaticComplexity="5" maxCrapScore="30" minCrapScore="30" visitedClasses="0" numClasses="0" visitedMethods="0" numMethods="0" />
              <MetadataToken>100663302</MetadataToken>
              <Name>System.String &lt;&gt;f__AnonymousType0`2::ToString()</Name>
              <SequencePoints />
              <BranchPoints />
              <MethodPoint vc="0" uspid="79" ordinal="0" offset="0" />
            </Method>
          </Methods>
        </Class>
        <Class>
          <Summary numSequencePoints="15" visitedSequencePoints="12" numBranchPoints="8" visitedBranchPoints="7" sequenceCoverage="80" branchCoverage="87.5" maxCyclomaticComplexity="1" minCyclomaticComplexity="1" maxCrapScore="2" minCrapScore="1" visitedClasses="1" numClasses="1" visitedMethods="7" numMethods="8" />
          <FullName>TerritoryCleaning.Cost</FullName>
          <Methods>
            <Method visited="true" cyclomaticComplexity="1" nPathComplexity="0" sequenceCoverage="100" branchCoverage="100" crapScore="1" isConstructor="false" isStatic="false" isGetter="true" isSetter="false">
              <Summary numSequencePoints="1" visitedSequencePoints="1" numBranchPoints="1" visitedBranchPoints="1" sequenceCoverage="100" branchCoverage="100" maxCyclomaticComplexity="1" minCyclomaticComplexity="1" maxCrapScore="1" minCrapScore="1" visitedClasses="0" numClasses="0" visitedMethods="1" numMethods="1" />
              <MetadataToken>100663303</MetadataToken>
              <Name>System.Int32 TerritoryCleaning.Cost::get_AdultCount()</Name>
              <FileRef uid="5" />
              <SequencePoints>
                <SequencePoint vc="84" uspid="80" ordinal="0" offset="0" sl="10" sc="33" el="10" ec="37" bec="0" bev="0" fileid="5" />
              </SequencePoints>
              <BranchPoints />
              <MethodPoint xsi:type="SequencePoint" vc="84" uspid="80" ordinal="0" offset="0" sl="10" sc="33" el="10" ec="37" bec="0" bev="0" fileid="5" />
            </Method>
            <Method visited="true" cyclomaticComplexity="1" nPathComplexity="0" sequenceCoverage="100" branchCoverage="100" crapScore="1" isConstructor="false" isStatic="false" isGetter="false" isSetter="true">
              <Summary numSequencePoints="1" visitedSequencePoints="1" numBranchPoints="1" visitedBranchPoints="1" sequenceCoverage="100" branchCoverage="100" maxCyclomaticComplexity="1" minCyclomaticComplexity="1" maxCrapScore="1" minCrapScore="1" visitedClasses="0" numClasses="0" visitedMethods="1" numMethods="1" />
              <MetadataToken>100663304</MetadataToken>
              <Name>System.Void TerritoryCleaning.Cost::set_AdultCount(System.Int32)</Name>
              <FileRef uid="5" />
              <SequencePoints>
                <SequencePoint vc="20" uspid="81" ordinal="0" offset="0" sl="10" sc="38" el="10" ec="50" bec="0" bev="0" fileid="5" />
              </SequencePoints>
              <BranchPoints />
              <MethodPoint xsi:type="SequencePoint" vc="20" uspid="81" ordinal="0" offset="0" sl="10" sc="38" el="10" ec="50" bec="0" bev="0" fileid="5" />
            </Method>
            <Method visited="true" cyclomaticComplexity="1" nPathComplexity="0" sequenceCoverage="100" branchCoverage="100" crapScore="1" isConstructor="false" isStatic="false" isGetter="true" isSetter="false">
              <Summary numSequencePoints="1" visitedSequencePoints="1" numBranchPoints="1" visitedBranchPoints="1" sequenceCoverage="100" branchCoverage="100" maxCyclomaticComplexity="1" minCyclomaticComplexity="1" maxCrapScore="1" minCrapScore="1" visitedClasses="0" numClasses="0" visitedMethods="1" numMethods="1" />
              <MetadataToken>100663305</MetadataToken>
              <Name>System.Int32 TerritoryCleaning.Cost::get_ChildCount()</Name>
              <FileRef uid="5" />
              <SequencePoints>
                <SequencePoint vc="50" uspid="82" ordinal="0" offset="0" sl="11" sc="33" el="11" ec="37" bec="0" bev="0" fileid="5" />
              </SequencePoints>
              <BranchPoints />
              <MethodPoint xsi:type="SequencePoint" vc="50" uspid="82" ordinal="0" offset="0" sl="11" sc="33" el="11" ec="37" bec="0" bev="0" fileid="5" />
            </Method>
            <Method visited="true" cyclomaticComplexity="1" nPathComplexity="0" sequenceCoverage="100" branchCoverage="100" crapScore="1" isConstructor="false" isStatic="false" isGetter="false" isSetter="true">
              <Summary numSequencePoints="1" visitedSequencePoints="1" numBranchPoints="1" visitedBranchPoints="1" sequenceCoverage="100" branchCoverage="100" maxCyclomaticComplexity="1" minCyclomaticComplexity="1" maxCrapScore="1" minCrapScore="1" visitedClasses="0" numClasses="0" visitedMethods="1" numMethods="1" />
              <MetadataToken>100663306</MetadataToken>
              <Name>System.Void TerritoryCleaning.Cost::set_ChildCount(System.Int32)</Name>
              <FileRef uid="5" />
              <SequencePoints>
                <SequencePoint vc="20" uspid="83" ordinal="0" offset="0" sl="11" sc="38" el="11" ec="50" bec="0" bev="0" fileid="5" />
              </SequencePoints>
              <BranchPoints />
              <MethodPoint xsi:type="SequencePoint" vc="20" uspid="83" ordinal="0" offset="0" sl="11" sc="38" el="11" ec="50" bec="0" bev="0" fileid="5" />
            </Method>
            <Method visited="true" cyclomaticComplexity="1" nPathComplexity="0" sequenceCoverage="100" branchCoverage="100" crapScore="1" isConstructor="false" isStatic="false" isGetter="true" isSetter="false">
              <Summary numSequencePoints="1" visitedSequencePoints="1" numBranchPoints="1" visitedBranchPoints="1" sequenceCoverage="100" branchCoverage="100" maxCyclomaticComplexity="1" minCyclomaticComplexity="1" maxCrapScore="1" minCrapScore="1" visitedClasses="0" numClasses="0" visitedMethods="1" numMethods="1" />
              <MetadataToken>100663307</MetadataToken>
              <Name>System.Double TerritoryCleaning.Cost::get_OneSquareCost()</Name>
              <FileRef uid="5" />
              <SequencePoints>
                <SequencePoint vc="24" uspid="84" ordinal="0" offset="0" sl="12" sc="39" el="12" ec="43" bec="0" bev="0" fileid="5" />
              </SequencePoints>
              <BranchPoints />
              <MethodPoint xsi:type="SequencePoint" vc="24" uspid="84" ordinal="0" offset="0" sl="12" sc="39" el="12" ec="43" bec="0" bev="0" fileid="5" />
            </Method>
            <Method visited="true" cyclomaticComplexity="1" nPathComplexity="0" sequenceCoverage="100" branchCoverage="100" crapScore="1" isConstructor="false" isStatic="false" isGetter="false" isSetter="true">
              <Summary numSequencePoints="1" visitedSequencePoints="1" numBranchPoints="1" visitedBranchPoints="1" sequenceCoverage="100" branchCoverage="100" maxCyclomaticComplexity="1" minCyclomaticComplexity="1" maxCrapScore="1" minCrapScore="1" visitedClasses="0" numClasses="0" visitedMethods="1" numMethods="1" />
              <MetadataToken>100663308</MetadataToken>
              <Name>System.Void TerritoryCleaning.Cost::set_OneSquareCost(System.Double)</Name>
              <FileRef uid="5" />
              <SequencePoints>
                <SequencePoint vc="20" uspid="85" ordinal="0" offset="0" sl="12" sc="44" el="12" ec="56" bec="0" bev="0" fileid="5" />
              </SequencePoints>
              <BranchPoints />
              <MethodPoint xsi:type="SequencePoint" vc="20" uspid="85" ordinal="0" offset="0" sl="12" sc="44" el="12" ec="56" bec="0" bev="0" fileid="5" />
            </Method>
            <Method visited="true" cyclomaticComplexity="1" nPathComplexity="0" sequenceCoverage="100" branchCoverage="100" crapScore="1" isConstructor="true" isStatic="false" isGetter="false" isSetter="false">
              <Summary numSequencePoints="6" visitedSequencePoints="6" numBranchPoints="1" visitedBranchPoints="1" sequenceCoverage="100" branchCoverage="100" maxCyclomaticComplexity="1" minCyclomaticComplexity="1" maxCrapScore="1" minCrapScore="1" visitedClasses="0" numClasses="0" visitedMethods="1" numMethods="1" />
              <MetadataToken>100663309</MetadataToken>
              <Name>System.Void TerritoryCleaning.Cost::.ctor(System.Int32,System.Int32,System.Double)</Name>
              <FileRef uid="5" />
              <SequencePoints>
                <SequencePoint vc="20" uspid="86" ordinal="0" offset="0" sl="19" sc="9" el="19" ec="74" bec="0" bev="0" fileid="5" />
                <SequencePoint vc="20" uspid="87" ordinal="1" offset="7" sl="20" sc="9" el="20" ec="10" bec="0" bev="0" fileid="5" />
                <SequencePoint vc="20" uspid="88" ordinal="2" offset="8" sl="21" sc="13" el="21" ec="37" bec="0" bev="0" fileid="5" />
                <SequencePoint vc="20" uspid="89" ordinal="3" offset="16" sl="22" sc="13" el="22" ec="37" bec="0" bev="0" fileid="5" />
                <SequencePoint vc="20" uspid="90" ordinal="4" offset="24" sl="23" sc="13" el="23" ec="43" bec="0" bev="0" fileid="5" />
                <SequencePoint vc="20" uspid="91" ordinal="5" offset="32" sl="24" sc="9" el="24" ec="10" bec="0" bev="0" fileid="5" />
              </SequencePoints>
              <BranchPoints />
              <MethodPoint xsi:type="SequencePoint" vc="20" uspid="86" ordinal="0" offset="0" sl="19" sc="9" el="19" ec="74" bec="0" bev="0" fileid="5" />
            </Method>
            <Method visited="false" cyclomaticComplexity="1" nPathComplexity="0" sequenceCoverage="0" branchCoverage="0" crapScore="2" isConstructor="false" isStatic="false" isGetter="false" isSetter="false">
              <Summary numSequencePoints="3" visitedSequencePoints="0" numBranchPoints="1" visitedBranchPoints="0" sequenceCoverage="0" branchCoverage="0" maxCyclomaticComplexity="1" minCyclomaticComplexity="1" maxCrapScore="2" minCrapScore="2" visitedClasses="0" numClasses="0" visitedMethods="0" numMethods="1" />
              <MetadataToken>100663310</MetadataToken>
              <Name>System.String TerritoryCleaning.Cost::ToString()</Name>
              <FileRef uid="5" />
              <SequencePoints>
                <SequencePoint vc="0" uspid="92" ordinal="0" offset="0" sl="30" sc="9" el="30" ec="10" bec="0" bev="0" fileid="5" />
                <SequencePoint vc="0" uspid="93" ordinal="1" offset="1" sl="31" sc="13" el="31" ec="112" bec="0" bev="0" fileid="5" />
                <SequencePoint vc="0" uspid="94" ordinal="2" offset="57" sl="32" sc="9" el="32" ec="10" bec="0" bev="0" fileid="5" />
              </SequencePoints>
              <BranchPoints />
              <MethodPoint xsi:type="SequencePoint" vc="0" uspid="92" ordinal="0" offset="0" sl="30" sc="9" el="30" ec="10" bec="0" bev="0" fileid="5" />
            </Method>
          </Methods>
        </Class>
        <Class>
          <Summary numSequencePoints="29" visitedSequencePoints="25" numBranchPoints="15" visitedBranchPoints="13" sequenceCoverage="86.21" branchCoverage="86.67" maxCyclomaticComplexity="1" minCyclomaticComplexity="1" maxCrapScore="2" minCrapScore="1" visitedClasses="1" numClasses="1" visitedMethods="13" numMethods="15" />
          <FullName>TerritoryCleaning.Family</FullName>
          <Methods>
            <Method visited="true" cyclomaticComplexity="1" nPathComplexity="0" sequenceCoverage="100" branchCoverage="100" crapScore="1" isConstructor="false" isStatic="false" isGetter="true" isSetter="false">
              <Summary numSequencePoints="1" visitedSequencePoints="1" numBranchPoints="1" visitedBranchPoints="1" sequenceCoverage="100" branchCoverage="100" maxCyclomaticComplexity="1" minCyclomaticComplexity="1" maxCrapScore="1" minCrapScore="1" visitedClasses="0" numClasses="0" visitedMethods="1" numMethods="1" />
              <MetadataToken>100663311</MetadataToken>
              <Name>System.String TerritoryCleaning.Family::get_Street()</Name>
              <FileRef uid="6" />
              <SequencePoints>
                <SequencePoint vc="21" uspid="95" ordinal="0" offset="0" sl="10" sc="32" el="10" ec="36" bec="0" bev="0" fileid="6" />
              </SequencePoints>
              <BranchPoints />
              <MethodPoint xsi:type="SequencePoint" vc="21" uspid="95" ordinal="0" offset="0" sl="10" sc="32" el="10" ec="36" bec="0" bev="0" fileid="6" />
            </Method>
            <Method visited="true" cyclomaticComplexity="1" nPathComplexity="0" sequenceCoverage="100" branchCoverage="100" crapScore="1" isConstructor="false" isStatic="false" isGetter="false" isSetter="true">
              <Summary numSequencePoints="1" visitedSequencePoints="1" numBranchPoints="1" visitedBranchPoints="1" sequenceCoverage="100" branchCoverage="100" maxCyclomaticComplexity="1" minCyclomaticComplexity="1" maxCrapScore="1" minCrapScore="1" visitedClasses="0" numClasses="0" visitedMethods="1" numMethods="1" />
              <MetadataToken>100663312</MetadataToken>
              <Name>System.Void TerritoryCleaning.Family::set_Street(System.String)</Name>
              <FileRef uid="6" />
              <SequencePoints>
                <SequencePoint vc="29" uspid="96" ordinal="0" offset="0" sl="10" sc="37" el="10" ec="49" bec="0" bev="0" fileid="6" />
              </SequencePoints>
              <BranchPoints />
              <MethodPoint xsi:type="SequencePoint" vc="29" uspid="96" ordinal="0" offset="0" sl="10" sc="37" el="10" ec="49" bec="0" bev="0" fileid="6" />
            </Method>
            <Method visited="true" cyclomaticComplexity="1" nPathComplexity="0" sequenceCoverage="100" branchCoverage="100" crapScore="1" isConstructor="false" isStatic="false" isGetter="true" isSetter="false">
              <Summary numSequencePoints="1" visitedSequencePoints="1" numBranchPoints="1" visitedBranchPoints="1" sequenceCoverage="100" branchCoverage="100" maxCyclomaticComplexity="1" minCyclomaticComplexity="1" maxCrapScore="1" minCrapScore="1" visitedClasses="0" numClasses="0" visitedMethods="1" numMethods="1" />
              <MetadataToken>100663313</MetadataToken>
              <Name>System.String TerritoryCleaning.Family::get_Owner()</Name>
              <FileRef uid="6" />
              <SequencePoints>
                <SequencePoint vc="21" uspid="97" ordinal="0" offset="0" sl="11" sc="31" el="11" ec="35" bec="0" bev="0" fileid="6" />
              </SequencePoints>
              <BranchPoints />
              <MethodPoint xsi:type="SequencePoint" vc="21" uspid="97" ordinal="0" offset="0" sl="11" sc="31" el="11" ec="35" bec="0" bev="0" fileid="6" />
            </Method>
            <Method visited="true" cyclomaticComplexity="1" nPathComplexity="0" sequenceCoverage="100" branchCoverage="100" crapScore="1" isConstructor="false" isStatic="false" isGetter="false" isSetter="true">
              <Summary numSequencePoints="1" visitedSequencePoints="1" numBranchPoints="1" visitedBranchPoints="1" sequenceCoverage="100" branchCoverage="100" maxCyclomaticComplexity="1" minCyclomaticComplexity="1" maxCrapScore="1" minCrapScore="1" visitedClasses="0" numClasses="0" visitedMethods="1" numMethods="1" />
              <MetadataToken>100663314</MetadataToken>
              <Name>System.Void TerritoryCleaning.Family::set_Owner(System.String)</Name>
              <FileRef uid="6" />
              <SequencePoints>
                <SequencePoint vc="29" uspid="98" ordinal="0" offset="0" sl="11" sc="36" el="11" ec="48" bec="0" bev="0" fileid="6" />
              </SequencePoints>
              <BranchPoints />
              <MethodPoint xsi:type="SequencePoint" vc="29" uspid="98" ordinal="0" offset="0" sl="11" sc="36" el="11" ec="48" bec="0" bev="0" fileid="6" />
            </Method>
            <Method visited="true" cyclomaticComplexity="1" nPathComplexity="0" sequenceCoverage="100" branchCoverage="100" crapScore="1" isConstructor="false" isStatic="false" isGetter="true" isSetter="false">
              <Summary numSequencePoints="1" visitedSequencePoints="1" numBranchPoints="1" visitedBranchPoints="1" sequenceCoverage="100" branchCoverage="100" maxCyclomaticComplexity="1" minCyclomaticComplexity="1" maxCrapScore="1" minCrapScore="1" visitedClasses="0" numClasses="0" visitedMethods="1" numMethods="1" />
              <MetadataToken>100663315</MetadataToken>
              <Name>System.Int32 TerritoryCleaning.Family::get_AdultCount()</Name>
              <FileRef uid="6" />
              <SequencePoints>
                <SequencePoint vc="93" uspid="99" ordinal="0" offset="0" sl="12" sc="33" el="12" ec="37" bec="0" bev="0" fileid="6" />
              </SequencePoints>
              <BranchPoints />
              <MethodPoint xsi:type="SequencePoint" vc="93" uspid="99" ordinal="0" offset="0" sl="12" sc="33" el="12" ec="37" bec="0" bev="0" fileid="6" />
            </Method>
            <Method visited="true" cyclomaticComplexity="1" nPathComplexity="0" sequenceCoverage="100" branchCoverage="100" crapScore="1" isConstructor="false" isStatic="false" isGetter="false" isSetter="true">
              <Summary numSequencePoints="1" visitedSequencePoints="1" numBranchPoints="1" visitedBranchPoints="1" sequenceCoverage="100" branchCoverage="100" maxCyclomaticComplexity="1" minCyclomaticComplexity="1" maxCrapScore="1" minCrapScore="1" visitedClasses="0" numClasses="0" visitedMethods="1" numMethods="1" />
              <MetadataToken>100663316</MetadataToken>
              <Name>System.Void TerritoryCleaning.Family::set_AdultCount(System.Int32)</Name>
              <FileRef uid="6" />
              <SequencePoints>
                <SequencePoint vc="20" uspid="100" ordinal="0" offset="0" sl="12" sc="38" el="12" ec="50" bec="0" bev="0" fileid="6" />
              </SequencePoints>
              <BranchPoints />
              <MethodPoint xsi:type="SequencePoint" vc="20" uspid="100" ordinal="0" offset="0" sl="12" sc="38" el="12" ec="50" bec="0" bev="0" fileid="6" />
            </Method>
            <Method visited="true" cyclomaticComplexity="1" nPathComplexity="0" sequenceCoverage="100" branchCoverage="100" crapScore="1" isConstructor="false" isStatic="false" isGetter="true" isSetter="false">
              <Summary numSequencePoints="1" visitedSequencePoints="1" numBranchPoints="1" visitedBranchPoints="1" sequenceCoverage="100" branchCoverage="100" maxCyclomaticComplexity="1" minCyclomaticComplexity="1" maxCrapScore="1" minCrapScore="1" visitedClasses="0" numClasses="0" visitedMethods="1" numMethods="1" />
              <MetadataToken>100663317</MetadataToken>
              <Name>System.Int32 TerritoryCleaning.Family::get_ChildCount()</Name>
              <FileRef uid="6" />
              <SequencePoints>
                <SequencePoint vc="59" uspid="101" ordinal="0" offset="0" sl="13" sc="33" el="13" ec="37" bec="0" bev="0" fileid="6" />
              </SequencePoints>
              <BranchPoints />
              <MethodPoint xsi:type="SequencePoint" vc="59" uspid="101" ordinal="0" offset="0" sl="13" sc="33" el="13" ec="37" bec="0" bev="0" fileid="6" />
            </Method>
            <Method visited="true" cyclomaticComplexity="1" nPathComplexity="0" sequenceCoverage="100" branchCoverage="100" crapScore="1" isConstructor="false" isStatic="false" isGetter="false" isSetter="true">
              <Summary numSequencePoints="1" visitedSequencePoints="1" numBranchPoints="1" visitedBranchPoints="1" sequenceCoverage="100" branchCoverage="100" maxCyclomaticComplexity="1" minCyclomaticComplexity="1" maxCrapScore="1" minCrapScore="1" visitedClasses="0" numClasses="0" visitedMethods="1" numMethods="1" />
              <MetadataToken>100663318</MetadataToken>
              <Name>System.Void TerritoryCleaning.Family::set_ChildCount(System.Int32)</Name>
              <FileRef uid="6" />
              <SequencePoints>
                <SequencePoint vc="20" uspid="102" ordinal="0" offset="0" sl="13" sc="38" el="13" ec="50" bec="0" bev="0" fileid="6" />
              </SequencePoints>
              <BranchPoints />
              <MethodPoint xsi:type="SequencePoint" vc="20" uspid="102" ordinal="0" offset="0" sl="13" sc="38" el="13" ec="50" bec="0" bev="0" fileid="6" />
            </Method>
            <Method visited="true" cyclomaticComplexity="1" nPathComplexity="0" sequenceCoverage="100" branchCoverage="100" crapScore="1" isConstructor="false" isStatic="false" isGetter="true" isSetter="false">
              <Summary numSequencePoints="1" visitedSequencePoints="1" numBranchPoints="1" visitedBranchPoints="1" sequenceCoverage="100" branchCoverage="100" maxCyclomaticComplexity="1" minCyclomaticComplexity="1" maxCrapScore="1" minCrapScore="1" visitedClasses="0" numClasses="0" visitedMethods="1" numMethods="1" />
              <MetadataToken>100663319</MetadataToken>
              <Name>System.Double TerritoryCleaning.Family::get_ApartmentSize()</Name>
              <FileRef uid="6" />
              <SequencePoints>
                <SequencePoint vc="24" uspid="103" ordinal="0" offset="0" sl="14" sc="39" el="14" ec="43" bec="0" bev="0" fileid="6" />
              </SequencePoints>
              <BranchPoints />
              <MethodPoint xsi:type="SequencePoint" vc="24" uspid="103" ordinal="0" offset="0" sl="14" sc="39" el="14" ec="43" bec="0" bev="0" fileid="6" />
            </Method>
            <Method visited="true" cyclomaticComplexity="1" nPathComplexity="0" sequenceCoverage="100" branchCoverage="100" crapScore="1" isConstructor="false" isStatic="false" isGetter="false" isSetter="true">
              <Summary numSequencePoints="1" visitedSequencePoints="1" numBranchPoints="1" visitedBranchPoints="1" sequenceCoverage="100" branchCoverage="100" maxCyclomaticComplexity="1" minCyclomaticComplexity="1" maxCrapScore="1" minCrapScore="1" visitedClasses="0" numClasses="0" visitedMethods="1" numMethods="1" />
              <MetadataToken>100663320</MetadataToken>
              <Name>System.Void TerritoryCleaning.Family::set_ApartmentSize(System.Double)</Name>
              <FileRef uid="6" />
              <SequencePoints>
                <SequencePoint vc="20" uspid="104" ordinal="0" offset="0" sl="14" sc="44" el="14" ec="56" bec="0" bev="0" fileid="6" />
              </SequencePoints>
              <BranchPoints />
              <MethodPoint xsi:type="SequencePoint" vc="20" uspid="104" ordinal="0" offset="0" sl="14" sc="44" el="14" ec="56" bec="0" bev="0" fileid="6" />
            </Method>
            <Method visited="false" cyclomaticComplexity="1" nPathComplexity="0" sequenceCoverage="0" branchCoverage="0" crapScore="2" isConstructor="false" isStatic="false" isGetter="true" isSetter="false">
              <Summary numSequencePoints="1" visitedSequencePoints="0" numBranchPoints="1" visitedBranchPoints="0" sequenceCoverage="0" branchCoverage="0" maxCyclomaticComplexity="1" minCyclomaticComplexity="1" maxCrapScore="2" minCrapScore="2" visitedClasses="0" numClasses="0" visitedMethods="0" numMethods="1" />
              <MetadataToken>100663321</MetadataToken>
              <Name>System.Int32 TerritoryCleaning.Family::get_PeopleCount()</Name>
              <FileRef uid="6" />
              <SequencePoints>
                <SequencePoint vc="0" uspid="105" ordinal="0" offset="0" sl="15" sc="34" el="15" ec="38" bec="0" bev="0" fileid="6" />
              </SequencePoints>
              <BranchPoints />
              <MethodPoint xsi:type="SequencePoint" vc="0" uspid="105" ordinal="0" offset="0" sl="15" sc="34" el="15" ec="38" bec="0" bev="0" fileid="6" />
            </Method>
            <Method visited="true" cyclomaticComplexity="1" nPathComplexity="0" sequenceCoverage="100" branchCoverage="100" crapScore="1" isConstructor="false" isStatic="false" isGetter="false" isSetter="true">
              <Summary numSequencePoints="1" visitedSequencePoints="1" numBranchPoints="1" visitedBranchPoints="1" sequenceCoverage="100" branchCoverage="100" maxCyclomaticComplexity="1" minCyclomaticComplexity="1" maxCrapScore="1" minCrapScore="1" visitedClasses="0" numClasses="0" visitedMethods="1" numMethods="1" />
              <MetadataToken>100663322</MetadataToken>
              <Name>System.Void TerritoryCleaning.Family::set_PeopleCount(System.Int32)</Name>
              <FileRef uid="6" />
              <SequencePoints>
                <SequencePoint vc="18" uspid="106" ordinal="0" offset="0" sl="15" sc="39" el="15" ec="43" bec="0" bev="0" fileid="6" />
              </SequencePoints>
              <BranchPoints />
              <MethodPoint xsi:type="SequencePoint" vc="18" uspid="106" ordinal="0" offset="0" sl="15" sc="39" el="15" ec="43" bec="0" bev="0" fileid="6" />
            </Method>
            <Method visited="true" cyclomaticComplexity="1" nPathComplexity="0" sequenceCoverage="100" branchCoverage="100" crapScore="1" isConstructor="true" isStatic="false" isGetter="false" isSetter="false">
              <Summary numSequencePoints="8" visitedSequencePoints="8" numBranchPoints="1" visitedBranchPoints="1" sequenceCoverage="100" branchCoverage="100" maxCyclomaticComplexity="1" minCyclomaticComplexity="1" maxCrapScore="1" minCrapScore="1" visitedClasses="0" numClasses="0" visitedMethods="1" numMethods="1" />
              <MetadataToken>100663323</MetadataToken>
              <Name>System.Void TerritoryCleaning.Family::.ctor(System.String,System.String,System.Int32,System.Int32,System.Double)</Name>
              <FileRef uid="6" />
              <SequencePoints>
                <SequencePoint vc="20" uspid="107" ordinal="0" offset="0" sl="24" sc="9" el="24" ec="105" bec="0" bev="0" fileid="6" />
                <SequencePoint vc="20" uspid="108" ordinal="1" offset="7" sl="25" sc="9" el="25" ec="10" bec="0" bev="0" fileid="6" />
                <SequencePoint vc="20" uspid="109" ordinal="2" offset="8" sl="26" sc="13" el="26" ec="29" bec="0" bev="0" fileid="6" />
                <SequencePoint vc="20" uspid="110" ordinal="3" offset="16" sl="27" sc="13" el="27" ec="27" bec="0" bev="0" fileid="6" />
                <SequencePoint vc="20" uspid="111" ordinal="4" offset="24" sl="28" sc="13" el="28" ec="37" bec="0" bev="0" fileid="6" />
                <SequencePoint vc="20" uspid="112" ordinal="5" offset="32" sl="29" sc="13" el="29" ec="37" bec="0" bev="0" fileid="6" />
                <SequencePoint vc="20" uspid="113" ordinal="6" offset="41" sl="30" sc="13" el="30" ec="43" bec="0" bev="0" fileid="6" />
                <SequencePoint vc="20" uspid="114" ordinal="7" offset="50" sl="31" sc="9" el="31" ec="10" bec="0" bev="0" fileid="6" />
              </SequencePoints>
              <BranchPoints />
              <MethodPoint xsi:type="SequencePoint" vc="20" uspid="107" ordinal="0" offset="0" sl="24" sc="9" el="24" ec="105" bec="0" bev="0" fileid="6" />
            </Method>
            <Method visited="true" cyclomaticComplexity="1" nPathComplexity="0" sequenceCoverage="100" branchCoverage="100" crapScore="1" isConstructor="true" isStatic="false" isGetter="false" isSetter="false">
              <Summary numSequencePoints="6" visitedSequencePoints="6" numBranchPoints="1" visitedBranchPoints="1" sequenceCoverage="100" branchCoverage="100" maxCyclomaticComplexity="1" minCyclomaticComplexity="1" maxCrapScore="1" minCrapScore="1" visitedClasses="0" numClasses="0" visitedMethods="1" numMethods="1" />
              <MetadataToken>100663324</MetadataToken>
              <Name>System.Void TerritoryCleaning.Family::.ctor(System.String,System.String,System.Int32)</Name>
              <FileRef uid="6" />
              <SequencePoints>
                <SequencePoint vc="9" uspid="115" ordinal="0" offset="0" sl="38" sc="9" el="38" ec="68" bec="0" bev="0" fileid="6" />
                <SequencePoint vc="9" uspid="116" ordinal="1" offset="7" sl="39" sc="9" el="39" ec="10" bec="0" bev="0" fileid="6" />
                <SequencePoint vc="9" uspid="117" ordinal="2" offset="8" sl="40" sc="13" el="40" ec="29" bec="0" bev="0" fileid="6" />
                <SequencePoint vc="9" uspid="118" ordinal="3" offset="16" sl="41" sc="13" el="41" ec="27" bec="0" bev="0" fileid="6" />
                <SequencePoint vc="9" uspid="119" ordinal="4" offset="24" sl="42" sc="13" el="42" ec="39" bec="0" bev="0" fileid="6" />
                <SequencePoint vc="9" uspid="120" ordinal="5" offset="32" sl="43" sc="9" el="43" ec="10" bec="0" bev="0" fileid="6" />
              </SequencePoints>
              <BranchPoints />
              <MethodPoint xsi:type="SequencePoint" vc="9" uspid="115" ordinal="0" offset="0" sl="38" sc="9" el="38" ec="68" bec="0" bev="0" fileid="6" />
            </Method>
            <Method visited="false" cyclomaticComplexity="1" nPathComplexity="0" sequenceCoverage="0" branchCoverage="0" crapScore="2" isConstructor="false" isStatic="false" isGetter="false" isSetter="false">
              <Summary numSequencePoints="3" visitedSequencePoints="0" numBranchPoints="1" visitedBranchPoints="0" sequenceCoverage="0" branchCoverage="0" maxCyclomaticComplexity="1" minCyclomaticComplexity="1" maxCrapScore="2" minCrapScore="2" visitedClasses="0" numClasses="0" visitedMethods="0" numMethods="1" />
              <MetadataToken>100663325</MetadataToken>
              <Name>System.String TerritoryCleaning.Family::ToString()</Name>
              <FileRef uid="6" />
              <SequencePoints>
                <SequencePoint vc="0" uspid="121" ordinal="0" offset="0" sl="49" sc="9" el="49" ec="10" bec="0" bev="0" fileid="6" />
                <SequencePoint vc="0" uspid="122" ordinal="1" offset="1" sl="50" sc="13" el="50" ec="131" bec="0" bev="0" fileid="6" />
                <SequencePoint vc="0" uspid="123" ordinal="2" offset="81" sl="51" sc="9" el="51" ec="10" bec="0" bev="0" fileid="6" />
              </SequencePoints>
              <BranchPoints />
              <MethodPoint xsi:type="SequencePoint" vc="0" uspid="121" ordinal="0" offset="0" sl="49" sc="9" el="49" ec="10" bec="0" bev="0" fileid="6" />
            </Method>
          </Methods>
        </Class>
        <Class>
          <Summary numSequencePoints="114" visitedSequencePoints="0" numBranchPoints="7" visitedBranchPoints="0" sequenceCoverage="0" branchCoverage="0" maxCyclomaticComplexity="3" minCyclomaticComplexity="1" maxCrapScore="12" minCrapScore="2" visitedClasses="0" numClasses="1" visitedMethods="0" numMethods="7" />
          <FullName>TerritoryCleaning.InOut</FullName>
          <Methods>
            <Method visited="false" cyclomaticComplexity="2" nPathComplexity="0" sequenceCoverage="0" branchCoverage="0" crapScore="6" isConstructor="false" isStatic="true" isGetter="false" isSetter="false">
              <Summary numSequencePoints="11" visitedSequencePoints="0" numBranchPoints="1" visitedBranchPoints="0" sequenceCoverage="0" branchCoverage="0" maxCyclomaticComplexity="2" minCyclomaticComplexity="2" maxCrapScore="6" minCrapScore="6" visitedClasses="0" numClasses="0" visitedMethods="0" numMethods="1" />
              <MetadataToken>100663326</MetadataToken>
              <Name>System.Collections.Generic.List`1&lt;System.Collections.Generic.List`1&lt;TerritoryCleaning.Family&gt;&gt; TerritoryCleaning.InOut::ReadFamilyDataFromAllFiles(System.String[])</Name>
              <FileRef uid="7" />
              <SequencePoints>
                <SequencePoint vc="0" uspid="124" ordinal="0" offset="0" sl="19" sc="9" el="19" ec="10" bec="0" bev="0" fileid="7" />
                <SequencePoint vc="0" uspid="125" ordinal="1" offset="1" sl="20" sc="13" el="20" ec="73" bec="0" bev="0" fileid="7" />
                <SequencePoint vc="0" uspid="126" ordinal="2" offset="7" sl="21" sc="13" el="21" ec="20" bec="0" bev="0" fileid="7" />
                <SequencePoint vc="0" uspid="127" ordinal="3" offset="8" sl="21" sc="36" el="21" ec="41" bec="0" bev="0" fileid="7" />
                <SequencePoint vc="0" uspid="128" ordinal="4" offset="14" sl="21" sc="21" el="21" ec="32" bec="0" bev="0" fileid="7" />
                <SequencePoint vc="0" uspid="129" ordinal="5" offset="18" sl="22" sc="13" el="22" ec="14" bec="0" bev="0" fileid="7" />
                <SequencePoint vc="0" uspid="130" ordinal="6" offset="19" sl="23" sc="17" el="23" ec="68" bec="0" bev="0" fileid="7" />
                <SequencePoint vc="0" uspid="131" ordinal="7" offset="32" sl="24" sc="13" el="24" ec="14" bec="0" bev="0" fileid="7" />
                <SequencePoint vc="0" uspid="132" ordinal="8" offset="37" sl="21" sc="33" el="21" ec="35" bec="0" bev="0" fileid="7" />
                <SequencePoint vc="0" uspid="133" ordinal="9" offset="43" sl="25" sc="13" el="25" ec="34" bec="0" bev="0" fileid="7" />
                <SequencePoint vc="0" uspid="134" ordinal="10" offset="48" sl="26" sc="9" el="26" ec="10" bec="0" bev="0" fileid="7" />
              </SequencePoints>
              <BranchPoints />
              <MethodPoint xsi:type="SequencePoint" vc="0" uspid="124" ordinal="0" offset="0" sl="19" sc="9" el="19" ec="10" bec="0" bev="0" fileid="7" />
            </Method>
            <Method visited="false" cyclomaticComplexity="3" nPathComplexity="0" sequenceCoverage="0" branchCoverage="0" crapScore="12" isConstructor="false" isStatic="true" isGetter="false" isSetter="false">
              <Summary numSequencePoints="19" visitedSequencePoints="0" numBranchPoints="1" visitedBranchPoints="0" sequenceCoverage="0" branchCoverage="0" maxCyclomaticComplexity="3" minCyclomaticComplexity="3" maxCrapScore="12" minCrapScore="12" visitedClasses="0" numClasses="0" visitedMethods="0" numMethods="1" />
              <MetadataToken>100663327</MetadataToken>
              <Name>System.Collections.Generic.List`1&lt;TerritoryCleaning.Family&gt; TerritoryCleaning.InOut::ReadFamilyDataFromOneFile(System.String)</Name>
              <FileRef uid="7" />
              <SequencePoints>
                <SequencePoint vc="0" uspid="137" ordinal="0" offset="0" sl="33" sc="9" el="33" ec="10" bec="0" bev="0" fileid="7" />
                <SequencePoint vc="0" uspid="138" ordinal="1" offset="1" sl="34" sc="13" el="34" ec="52" bec="0" bev="0" fileid="7" />
                <SequencePoint vc="0" uspid="139" ordinal="2" offset="7" sl="35" sc="13" el="35" ec="73" bec="0" bev="0" fileid="7" />
                <SequencePoint vc="0" uspid="140" ordinal="3" offset="19" sl="36" sc="13" el="36" ec="38" bec="0" bev="0" fileid="7" />
                <SequencePoint vc="0" uspid="141" ordinal="4" offset="23" sl="37" sc="13" el="37" ec="20" bec="0" bev="0" fileid="7" />
                <SequencePoint vc="0" uspid="142" ordinal="5" offset="24" sl="37" sc="37" el="37" ec="50" bec="0" bev="0" fileid="7" />
                <SequencePoint vc="0" uspid="143" ordinal="6" offset="39" sl="37" sc="22" el="37" ec="33" bec="0" bev="0" fileid="7" />
                <SequencePoint vc="0" uspid="144" ordinal="7" offset="47" sl="38" sc="13" el="38" ec="14" bec="0" bev="0" fileid="7" />
                <SequencePoint vc="0" uspid="145" ordinal="8" offset="48" sl="39" sc="17" el="39" ec="58" bec="0" bev="0" fileid="7" />
                <SequencePoint vc="0" uspid="146" ordinal="9" offset="62" sl="40" sc="17" el="40" ec="42" bec="0" bev="0" fileid="7" />
                <SequencePoint vc="0" uspid="147" ordinal="10" offset="68" sl="41" sc="17" el="41" ec="55" bec="0" bev="0" fileid="7" />
                <SequencePoint vc="0" uspid="148" ordinal="11" offset="79" sl="42" sc="17" el="42" ec="55" bec="0" bev="0" fileid="7" />
                <SequencePoint vc="0" uspid="149" ordinal="12" offset="90" sl="43" sc="17" el="43" ec="64" bec="0" bev="0" fileid="7" />
                <SequencePoint vc="0" uspid="150" ordinal="13" offset="101" sl="44" sc="17" el="44" ec="99" bec="0" bev="0" fileid="7" />
                <SequencePoint vc="0" uspid="151" ordinal="14" offset="117" sl="45" sc="17" el="45" ec="35" bec="0" bev="0" fileid="7" />
                <SequencePoint vc="0" uspid="152" ordinal="15" offset="126" sl="46" sc="13" el="46" ec="14" bec="0" bev="0" fileid="7" />
                <SequencePoint vc="0" uspid="153" ordinal="16" offset="127" sl="37" sc="34" el="37" ec="36" bec="0" bev="0" fileid="7" />
                <SequencePoint vc="0" uspid="154" ordinal="17" offset="148" sl="47" sc="13" el="47" ec="25" bec="0" bev="0" fileid="7" />
                <SequencePoint vc="0" uspid="155" ordinal="18" offset="153" sl="48" sc="9" el="48" ec="10" bec="0" bev="0" fileid="7" />
              </SequencePoints>
              <BranchPoints />
              <MethodPoint xsi:type="SequencePoint" vc="0" uspid="137" ordinal="0" offset="0" sl="33" sc="9" el="33" ec="10" bec="0" bev="0" fileid="7" />
            </Method>
            <Method visited="false" cyclomaticComplexity="2" nPathComplexity="0" sequenceCoverage="0" branchCoverage="0" crapScore="6" isConstructor="false" isStatic="true" isGetter="false" isSetter="false">
              <Summary numSequencePoints="10" visitedSequencePoints="0" numBranchPoints="1" visitedBranchPoints="0" sequenceCoverage="0" branchCoverage="0" maxCyclomaticComplexity="2" minCyclomaticComplexity="2" maxCrapScore="6" minCrapScore="6" visitedClasses="0" numClasses="0" visitedMethods="0" numMethods="1" />
              <MetadataToken>100663328</MetadataToken>
              <Name>System.Void TerritoryCleaning.InOut::PrintFamilyDataFromAllFiles(System.String,System.Collections.Generic.List`1&lt;System.Collections.Generic.List`1&lt;TerritoryCleaning.Family&gt;&gt;)</Name>
              <FileRef uid="7" />
              <SequencePoints>
                <SequencePoint vc="0" uspid="158" ordinal="0" offset="0" sl="55" sc="9" el="55" ec="10" bec="0" bev="0" fileid="7" />
                <SequencePoint vc="0" uspid="159" ordinal="1" offset="1" sl="56" sc="13" el="56" ec="20" bec="0" bev="0" fileid="7" />
                <SequencePoint vc="0" uspid="160" ordinal="2" offset="2" sl="56" sc="42" el="56" ec="55" bec="0" bev="0" fileid="7" />
                <SequencePoint vc="0" uspid="161" ordinal="3" offset="11" sl="56" sc="21" el="56" ec="38" bec="0" bev="0" fileid="7" />
                <SequencePoint vc="0" uspid="162" ordinal="4" offset="19" sl="57" sc="13" el="57" ec="14" bec="0" bev="0" fileid="7" />
                <SequencePoint vc="0" uspid="163" ordinal="5" offset="20" sl="58" sc="17" el="58" ec="56" bec="0" bev="0" fileid="7" />
                <SequencePoint vc="0" uspid="164" ordinal="6" offset="27" sl="59" sc="17" el="59" ec="65" bec="0" bev="0" fileid="7" />
                <SequencePoint vc="0" uspid="165" ordinal="7" offset="41" sl="60" sc="13" el="60" ec="14" bec="0" bev="0" fileid="7" />
                <SequencePoint vc="0" uspid="166" ordinal="8" offset="42" sl="56" sc="39" el="56" ec="41" bec="0" bev="0" fileid="7" />
                <SequencePoint vc="0" uspid="167" ordinal="9" offset="68" sl="61" sc="9" el="61" ec="10" bec="0" bev="0" fileid="7" />
              </SequencePoints>
              <BranchPoints />
              <MethodPoint xsi:type="SequencePoint" vc="0" uspid="158" ordinal="0" offset="0" sl="55" sc="9" el="55" ec="10" bec="0" bev="0" fileid="7" />
            </Method>
            <Method visited="false" cyclomaticComplexity="3" nPathComplexity="0" sequenceCoverage="0" branchCoverage="0" crapScore="12" isConstructor="false" isStatic="true" isGetter="false" isSetter="false">
              <Summary numSequencePoints="19" visitedSequencePoints="0" numBranchPoints="1" visitedBranchPoints="0" sequenceCoverage="0" branchCoverage="0" maxCyclomaticComplexity="3" minCyclomaticComplexity="3" maxCrapScore="12" minCrapScore="12" visitedClasses="0" numClasses="0" visitedMethods="0" numMethods="1" />
              <MetadataToken>100663329</MetadataToken>
              <Name>System.Void TerritoryCleaning.InOut::PrintFamilyData(System.String,System.String,System.Collections.Generic.List`1&lt;TerritoryCleaning.Family&gt;)</Name>
              <FileRef uid="7" />
              <SequencePoints>
                <SequencePoint vc="0" uspid="170" ordinal="0" offset="0" sl="69" sc="9" el="69" ec="10" bec="0" bev="0" fileid="7" />
                <SequencePoint vc="0" uspid="171" ordinal="1" offset="1" sl="70" sc="20" el="70" ec="89" bec="0" bev="0" fileid="7" />
                <SequencePoint vc="0" uspid="172" ordinal="2" offset="14" sl="71" sc="13" el="71" ec="14" bec="0" bev="0" fileid="7" />
                <SequencePoint vc="0" uspid="173" ordinal="3" offset="15" sl="72" sc="17" el="72" ec="56" bec="0" bev="0" fileid="7" />
                <SequencePoint vc="0" uspid="174" ordinal="4" offset="34" sl="73" sc="17" el="73" ec="42" bec="0" bev="0" fileid="7" />
                <SequencePoint vc="0" uspid="175" ordinal="5" offset="42" sl="74" sc="17" el="74" ec="56" bec="0" bev="0" fileid="7" />
                <SequencePoint vc="0" uspid="176" ordinal="6" offset="61" sl="75" sc="17" el="75" ec="127" bec="0" bev="0" fileid="7" />
                <SequencePoint vc="0" uspid="177" ordinal="7" offset="116" sl="76" sc="17" el="76" ec="56" bec="0" bev="0" fileid="7" />
                <SequencePoint vc="0" uspid="178" ordinal="8" offset="135" sl="77" sc="17" el="77" ec="24" bec="0" bev="0" fileid="7" />
                <SequencePoint vc="0" uspid="179" ordinal="9" offset="136" sl="77" sc="43" el="77" ec="53" bec="0" bev="0" fileid="7" />
                <SequencePoint vc="0" uspid="180" ordinal="10" offset="145" sl="77" sc="26" el="77" ec="39" bec="0" bev="0" fileid="7" />
                <SequencePoint vc="0" uspid="181" ordinal="11" offset="153" sl="78" sc="17" el="78" ec="18" bec="0" bev="0" fileid="7" />
                <SequencePoint vc="0" uspid="182" ordinal="12" offset="154" sl="79" sc="21" el="79" ec="57" bec="0" bev="0" fileid="7" />
                <SequencePoint vc="0" uspid="183" ordinal="13" offset="167" sl="80" sc="17" el="80" ec="18" bec="0" bev="0" fileid="7" />
                <SequencePoint vc="0" uspid="184" ordinal="14" offset="168" sl="77" sc="40" el="77" ec="42" bec="0" bev="0" fileid="7" />
                <SequencePoint vc="0" uspid="185" ordinal="15" offset="194" sl="81" sc="17" el="81" ec="56" bec="0" bev="0" fileid="7" />
                <SequencePoint vc="0" uspid="186" ordinal="16" offset="213" sl="82" sc="17" el="82" ec="36" bec="0" bev="0" fileid="7" />
                <SequencePoint vc="0" uspid="187" ordinal="17" offset="220" sl="83" sc="13" el="83" ec="14" bec="0" bev="0" fileid="7" />
                <SequencePoint vc="0" uspid="188" ordinal="18" offset="234" sl="84" sc="9" el="84" ec="10" bec="0" bev="0" fileid="7" />
              </SequencePoints>
              <BranchPoints />
              <MethodPoint xsi:type="SequencePoint" vc="0" uspid="170" ordinal="0" offset="0" sl="69" sc="9" el="69" ec="10" bec="0" bev="0" fileid="7" />
            </Method>
            <Method visited="false" cyclomaticComplexity="3" nPathComplexity="0" sequenceCoverage="0" branchCoverage="0" crapScore="12" isConstructor="false" isStatic="true" isGetter="false" isSetter="false">
              <Summary numSequencePoints="19" visitedSequencePoints="0" numBranchPoints="1" visitedBranchPoints="0" sequenceCoverage="0" branchCoverage="0" maxCyclomaticComplexity="3" minCyclomaticComplexity="3" maxCrapScore="12" minCrapScore="12" visitedClasses="0" numClasses="0" visitedMethods="0" numMethods="1" />
              <MetadataToken>100663330</MetadataToken>
              <Name>System.Void TerritoryCleaning.InOut::PrintThreeFormatData(System.String,System.Collections.Generic.List`1&lt;TerritoryCleaning.Family&gt;)</Name>
              <FileRef uid="7" />
              <SequencePoints>
                <SequencePoint vc="0" uspid="191" ordinal="0" offset="0" sl="91" sc="9" el="91" ec="10" bec="0" bev="0" fileid="7" />
                <SequencePoint vc="0" uspid="192" ordinal="1" offset="1" sl="92" sc="20" el="92" ec="89" bec="0" bev="0" fileid="7" />
                <SequencePoint vc="0" uspid="193" ordinal="2" offset="14" sl="93" sc="13" el="93" ec="14" bec="0" bev="0" fileid="7" />
                <SequencePoint vc="0" uspid="194" ordinal="3" offset="15" sl="94" sc="17" el="94" ec="56" bec="0" bev="0" fileid="7" />
                <SequencePoint vc="0" uspid="195" ordinal="4" offset="34" sl="95" sc="17" el="95" ec="88" bec="0" bev="0" fileid="7" />
                <SequencePoint vc="0" uspid="196" ordinal="5" offset="46" sl="96" sc="17" el="96" ec="56" bec="0" bev="0" fileid="7" />
                <SequencePoint vc="0" uspid="197" ordinal="6" offset="65" sl="97" sc="17" el="97" ec="98" bec="0" bev="0" fileid="7" />
                <SequencePoint vc="0" uspid="198" ordinal="7" offset="97" sl="98" sc="17" el="98" ec="56" bec="0" bev="0" fileid="7" />
                <SequencePoint vc="0" uspid="199" ordinal="8" offset="116" sl="99" sc="17" el="99" ec="24" bec="0" bev="0" fileid="7" />
                <SequencePoint vc="0" uspid="200" ordinal="9" offset="117" sl="99" sc="43" el="99" ec="53" bec="0" bev="0" fileid="7" />
                <SequencePoint vc="0" uspid="201" ordinal="10" offset="126" sl="99" sc="26" el="99" ec="39" bec="0" bev="0" fileid="7" />
                <SequencePoint vc="0" uspid="202" ordinal="11" offset="134" sl="100" sc="17" el="100" ec="18" bec="0" bev="0" fileid="7" />
                <SequencePoint vc="0" uspid="203" ordinal="12" offset="135" sl="101" sc="21" el="101" ec="128" bec="0" bev="0" fileid="7" />
                <SequencePoint vc="0" uspid="204" ordinal="13" offset="185" sl="102" sc="17" el="102" ec="18" bec="0" bev="0" fileid="7" />
                <SequencePoint vc="0" uspid="205" ordinal="14" offset="186" sl="99" sc="40" el="99" ec="42" bec="0" bev="0" fileid="7" />
                <SequencePoint vc="0" uspid="206" ordinal="15" offset="212" sl="103" sc="17" el="103" ec="56" bec="0" bev="0" fileid="7" />
                <SequencePoint vc="0" uspid="207" ordinal="16" offset="231" sl="104" sc="17" el="104" ec="36" bec="0" bev="0" fileid="7" />
                <SequencePoint vc="0" uspid="208" ordinal="17" offset="238" sl="105" sc="13" el="105" ec="14" bec="0" bev="0" fileid="7" />
                <SequencePoint vc="0" uspid="209" ordinal="18" offset="252" sl="106" sc="9" el="106" ec="10" bec="0" bev="0" fileid="7" />
              </SequencePoints>
              <BranchPoints />
              <MethodPoint xsi:type="SequencePoint" vc="0" uspid="191" ordinal="0" offset="0" sl="91" sc="9" el="91" ec="10" bec="0" bev="0" fileid="7" />
            </Method>
            <Method visited="false" cyclomaticComplexity="2" nPathComplexity="0" sequenceCoverage="0" branchCoverage="0" crapScore="6" isConstructor="false" isStatic="true" isGetter="false" isSetter="false">
              <Summary numSequencePoints="17" visitedSequencePoints="0" numBranchPoints="1" visitedBranchPoints="0" sequenceCoverage="0" branchCoverage="0" maxCyclomaticComplexity="2" minCyclomaticComplexity="2" maxCrapScore="6" minCrapScore="6" visitedClasses="0" numClasses="0" visitedMethods="0" numMethods="1" />
              <MetadataToken>100663331</MetadataToken>
              <Name>System.Collections.Generic.List`1&lt;TerritoryCleaning.Cost&gt; TerritoryCleaning.InOut::ReadCostDataFromOneFile(System.String)</Name>
              <FileRef uid="7" />
              <SequencePoints>
                <SequencePoint vc="0" uspid="212" ordinal="0" offset="0" sl="113" sc="9" el="113" ec="10" bec="0" bev="0" fileid="7" />
                <SequencePoint vc="0" uspid="213" ordinal="1" offset="1" sl="114" sc="13" el="114" ec="48" bec="0" bev="0" fileid="7" />
                <SequencePoint vc="0" uspid="214" ordinal="2" offset="7" sl="115" sc="13" el="115" ec="73" bec="0" bev="0" fileid="7" />
                <SequencePoint vc="0" uspid="215" ordinal="3" offset="19" sl="116" sc="13" el="116" ec="20" bec="0" bev="0" fileid="7" />
                <SequencePoint vc="0" uspid="216" ordinal="4" offset="20" sl="116" sc="37" el="116" ec="42" bec="0" bev="0" fileid="7" />
                <SequencePoint vc="0" uspid="217" ordinal="5" offset="26" sl="116" sc="22" el="116" ec="33" bec="0" bev="0" fileid="7" />
                <SequencePoint vc="0" uspid="218" ordinal="6" offset="31" sl="117" sc="13" el="117" ec="14" bec="0" bev="0" fileid="7" />
                <SequencePoint vc="0" uspid="219" ordinal="7" offset="32" sl="118" sc="17" el="118" ec="58" bec="0" bev="0" fileid="7" />
                <SequencePoint vc="0" uspid="220" ordinal="8" offset="46" sl="119" sc="17" el="119" ec="55" bec="0" bev="0" fileid="7" />
                <SequencePoint vc="0" uspid="221" ordinal="9" offset="57" sl="120" sc="17" el="120" ec="55" bec="0" bev="0" fileid="7" />
                <SequencePoint vc="0" uspid="222" ordinal="10" offset="68" sl="121" sc="17" el="121" ec="64" bec="0" bev="0" fileid="7" />
                <SequencePoint vc="0" uspid="223" ordinal="11" offset="79" sl="122" sc="17" el="122" ec="80" bec="0" bev="0" fileid="7" />
                <SequencePoint vc="0" uspid="224" ordinal="12" offset="92" sl="123" sc="17" el="123" ec="35" bec="0" bev="0" fileid="7" />
                <SequencePoint vc="0" uspid="225" ordinal="13" offset="101" sl="124" sc="13" el="124" ec="14" bec="0" bev="0" fileid="7" />
                <SequencePoint vc="0" uspid="226" ordinal="14" offset="106" sl="116" sc="34" el="116" ec="36" bec="0" bev="0" fileid="7" />
                <SequencePoint vc="0" uspid="227" ordinal="15" offset="112" sl="125" sc="13" el="125" ec="25" bec="0" bev="0" fileid="7" />
                <SequencePoint vc="0" uspid="228" ordinal="16" offset="117" sl="126" sc="9" el="126" ec="10" bec="0" bev="0" fileid="7" />
              </SequencePoints>
              <BranchPoints />
              <MethodPoint xsi:type="SequencePoint" vc="0" uspid="212" ordinal="0" offset="0" sl="113" sc="9" el="113" ec="10" bec="0" bev="0" fileid="7" />
            </Method>
            <Method visited="false" cyclomaticComplexity="3" nPathComplexity="0" sequenceCoverage="0" branchCoverage="0" crapScore="12" isConstructor="false" isStatic="true" isGetter="false" isSetter="false">
              <Summary numSequencePoints="19" visitedSequencePoints="0" numBranchPoints="1" visitedBranchPoints="0" sequenceCoverage="0" branchCoverage="0" maxCyclomaticComplexity="3" minCyclomaticComplexity="3" maxCrapScore="12" minCrapScore="12" visitedClasses="0" numClasses="0" visitedMethods="0" numMethods="1" />
              <MetadataToken>100663332</MetadataToken>
              <Name>System.Void TerritoryCleaning.InOut::PrintCostData(System.String,System.String,System.Collections.Generic.List`1&lt;TerritoryCleaning.Cost&gt;)</Name>
              <FileRef uid="7" />
              <SequencePoints>
                <SequencePoint vc="0" uspid="231" ordinal="0" offset="0" sl="134" sc="9" el="134" ec="10" bec="0" bev="0" fileid="7" />
                <SequencePoint vc="0" uspid="232" ordinal="1" offset="1" sl="135" sc="20" el="135" ec="89" bec="0" bev="0" fileid="7" />
                <SequencePoint vc="0" uspid="233" ordinal="2" offset="14" sl="136" sc="13" el="136" ec="14" bec="0" bev="0" fileid="7" />
                <SequencePoint vc="0" uspid="234" ordinal="3" offset="15" sl="137" sc="17" el="137" ec="56" bec="0" bev="0" fileid="7" />
                <SequencePoint vc="0" uspid="235" ordinal="4" offset="34" sl="138" sc="17" el="138" ec="42" bec="0" bev="0" fileid="7" />
                <SequencePoint vc="0" uspid="236" ordinal="5" offset="42" sl="139" sc="17" el="139" ec="56" bec="0" bev="0" fileid="7" />
                <SequencePoint vc="0" uspid="237" ordinal="6" offset="61" sl="140" sc="17" el="140" ec="112" bec="0" bev="0" fileid="7" />
                <SequencePoint vc="0" uspid="238" ordinal="7" offset="93" sl="141" sc="17" el="141" ec="56" bec="0" bev="0" fileid="7" />
                <SequencePoint vc="0" uspid="239" ordinal="8" offset="112" sl="142" sc="17" el="142" ec="24" bec="0" bev="0" fileid="7" />
                <SequencePoint vc="0" uspid="240" ordinal="9" offset="113" sl="142" sc="39" el="142" ec="47" bec="0" bev="0" fileid="7" />
                <SequencePoint vc="0" uspid="241" ordinal="10" offset="122" sl="142" sc="26" el="142" ec="35" bec="0" bev="0" fileid="7" />
                <SequencePoint vc="0" uspid="242" ordinal="11" offset="130" sl="143" sc="17" el="143" ec="18" bec="0" bev="0" fileid="7" />
                <SequencePoint vc="0" uspid="243" ordinal="12" offset="131" sl="144" sc="21" el="144" ec="55" bec="0" bev="0" fileid="7" />
                <SequencePoint vc="0" uspid="244" ordinal="13" offset="144" sl="145" sc="17" el="145" ec="18" bec="0" bev="0" fileid="7" />
                <SequencePoint vc="0" uspid="245" ordinal="14" offset="145" sl="142" sc="36" el="142" ec="38" bec="0" bev="0" fileid="7" />
                <SequencePoint vc="0" uspid="246" ordinal="15" offset="171" sl="146" sc="17" el="146" ec="56" bec="0" bev="0" fileid="7" />
                <SequencePoint vc="0" uspid="247" ordinal="16" offset="190" sl="147" sc="17" el="147" ec="36" bec="0" bev="0" fileid="7" />
                <SequencePoint vc="0" uspid="248" ordinal="17" offset="197" sl="148" sc="13" el="148" ec="14" bec="0" bev="0" fileid="7" />
                <SequencePoint vc="0" uspid="249" ordinal="18" offset="211" sl="149" sc="9" el="149" ec="10" bec="0" bev="0" fileid="7" />
              </SequencePoints>
              <BranchPoints />
              <MethodPoint xsi:type="SequencePoint" vc="0" uspid="231" ordinal="0" offset="0" sl="134" sc="9" el="134" ec="10" bec="0" bev="0" fileid="7" />
            </Method>
            <Method visited="false" cyclomaticComplexity="1" nPathComplexity="0" sequenceCoverage="0" branchCoverage="0" crapScore="2" isConstructor="true" isStatic="false" isGetter="false" isSetter="false">
              <Summary numSequencePoints="0" visitedSequencePoints="0" numBranchPoints="0" visitedBranchPoints="0" sequenceCoverage="0" branchCoverage="0" maxCyclomaticComplexity="1" minCyclomaticComplexity="1" maxCrapScore="2" minCrapScore="2" visitedClasses="0" numClasses="0" visitedMethods="0" numMethods="0" />
              <MetadataToken>100663333</MetadataToken>
              <Name>System.Void TerritoryCleaning.InOut::.ctor()</Name>
              <SequencePoints />
              <BranchPoints />
              <MethodPoint vc="0" uspid="252" ordinal="0" offset="0" />
            </Method>
          </Methods>
        </Class>
        <Class>
          <Summary numSequencePoints="18" visitedSequencePoints="18" numBranchPoints="34" visitedBranchPoints="29" sequenceCoverage="100" branchCoverage="85.29" maxCyclomaticComplexity="6" minCyclomaticComplexity="1" maxCrapScore="6" minCrapScore="1" visitedClasses="1" numClasses="1" visitedMethods="4" numMethods="4" />
          <FullName>TerritoryCleaning.TaskUtils</FullName>
          <Methods>
            <Method visited="true" cyclomaticComplexity="1" nPathComplexity="0" sequenceCoverage="100" branchCoverage="100" crapScore="1" isConstructor="true" isStatic="false" isGetter="false" isSetter="false">
              <Summary numSequencePoints="4" visitedSequencePoints="4" numBranchPoints="1" visitedBranchPoints="1" sequenceCoverage="100" branchCoverage="100" maxCyclomaticComplexity="1" minCyclomaticComplexity="1" maxCrapScore="1" minCrapScore="1" visitedClasses="0" numClasses="0" visitedMethods="1" numMethods="1" />
              <MetadataToken>100663334</MetadataToken>
              <Name>System.Void TerritoryCleaning.TaskUtils::.ctor(System.Collections.Generic.List`1&lt;System.Collections.Generic.List`1&lt;TerritoryCleaning.Family&gt;&gt;)</Name>
              <FileRef uid="8" />
              <SequencePoints>
                <SequencePoint vc="6" uspid="253" ordinal="0" offset="0" sl="15" sc="9" el="15" ec="57" bec="0" bev="0" fileid="8" />
                <SequencePoint vc="6" uspid="254" ordinal="1" offset="7" sl="16" sc="9" el="16" ec="10" bec="0" bev="0" fileid="8" />
                <SequencePoint vc="6" uspid="255" ordinal="2" offset="8" sl="17" sc="13" el="17" ec="44" bec="0" bev="0" fileid="8" />
                <SequencePoint vc="6" uspid="256" ordinal="3" offset="15" sl="18" sc="9" el="18" ec="10" bec="0" bev="0" fileid="8" />
[...]
                <SequencePoint vc="0" uspid="568" ordinal="32" offset="311" sl="195" sc="17" el="195" ec="47" bec="0" bev="0" fileid="14" />
                <SequencePoint vc="0" uspid="569" ordinal="33" offset="318" sl="197" sc="17" el="197" ec="52" bec="0" bev="0" fileid="14" />
                <SequencePoint vc="0" uspid="570" ordinal="34" offset="325" sl="198" sc="17" el="198" ec="58" bec="0" bev="0" fileid="14" />
                <SequencePoint vc="0" uspid="571" ordinal="35" offset="349" sl="200" sc="17" el="200" ec="54" bec="0" bev="0" fileid="14" />
                <SequencePoint vc="0" uspid="572" ordinal="36" offset="356" sl="201" sc="17" el="201" ec="60" bec="0" bev="0" fileid="14" />
                <SequencePoint vc="0" uspid="573" ordinal="37" offset="380" sl="203" sc="17" el="203" ec="55" bec="0" bev="0" fileid="14" />
                <SequencePoint vc="0" uspid="574" ordinal="38" offset="387" sl="204" sc="17" el="204" ec="64" bec="0" bev="0" fileid="14" />
                <SequencePoint vc="0" uspid="575" ordinal="39" offset="411" sl="206" sc="17" el="206" ec="39" bec="0" bev="0" fileid="14" />
                <SequencePoint vc="0" uspid="576" ordinal="40" offset="426" sl="207" sc="17" el="207" ec="41" bec="0" bev="0" fileid="14" />
                <SequencePoint vc="0" uspid="577" ordinal="41" offset="441" sl="208" sc="17" el="208" ec="42" bec="0" bev="0" fileid="14" />
                <SequencePoint vc="0" uspid="578" ordinal="42" offset="456" sl="210" sc="17" el="210" ec="40" bec="0" bev="0" fileid="14" />
                <SequencePoint vc="0" uspid="579" ordinal="43" offset="470" sl="211" sc="13" el="211" ec="14" bec="0" bev="0" fileid="14" />
                <SequencePoint vc="0" uspid="580" ordinal="44" offset="471" sl="193" sc="32" el="193" ec="34" bec="0" bev="0" fileid="14" />
                <SequencePoint vc="0" uspid="581" ordinal="45" offset="500" sl="212" sc="13" el="212" ec="42" bec="0" bev="0" fileid="14" />
                <SequencePoint vc="0" uspid="582" ordinal="46" offset="513" sl="214" sc="13" el="214" ec="44" bec="0" bev="0" fileid="14" />
                <SequencePoint vc="0" uspid="583" ordinal="47" offset="526" sl="215" sc="9" el="215" ec="10" bec="0" bev="0" fileid="14" />
              </SequencePoints>
              <BranchPoints />
              <MethodPoint xsi:type="SequencePoint" vc="0" uspid="536" ordinal="0" offset="0" sl="153" sc="9" el="153" ec="10" bec="0" bev="0" fileid="14" />
            </Method>
            <Method visited="false" cyclomaticComplexity="2" nPathComplexity="0" sequenceCoverage="0" branchCoverage="0" crapScore="6" isConstructor="false" isStatic="false" isGetter="false" isSetter="false">
              <Summary numSequencePoints="54" visitedSequencePoints="0" numBranchPoints="1" visitedBranchPoints="0" sequenceCoverage="0" branchCoverage="0" maxCyclomaticComplexity="2" minCyclomaticComplexity="2" maxCrapScore="6" minCrapScore="6" visitedClasses="0" numClasses="0" visitedMethods="0" numMethods="1" />
              <MetadataToken>100663344</MetadataToken>
              <Name>System.Void TerritoryCleaning.UIForClient::InsertAboveAverageData(System.Collections.Generic.List`1&lt;TerritoryCleaning.Family&gt;)</Name>
              <FileRef uid="14" />
              <SequencePoints>
                <SequencePoint vc="0" uspid="586" ordinal="0" offset="0" sl="221" sc="9" el="221" ec="10" bec="0" bev="0" fileid="14" />
                <SequencePoint vc="0" uspid="587" ordinal="1" offset="1" sl="222" sc="13" el="222" ec="39" bec="0" bev="0" fileid="14" />
                <SequencePoint vc="0" uspid="588" ordinal="2" offset="7" sl="223" sc="13" el="223" ec="33" bec="0" bev="0" fileid="14" />
                <SequencePoint vc="0" uspid="589" ordinal="3" offset="20" sl="225" sc="13" el="225" ec="44" bec="0" bev="0" fileid="14" />
                <SequencePoint vc="0" uspid="590" ordinal="4" offset="26" sl="226" sc="13" el="226" ec="34" bec="0" bev="0" fileid="14" />
                <SequencePoint vc="0" uspid="591" ordinal="5" offset="38" sl="227" sc="13" el="227" ec="36" bec="0" bev="0" fileid="14" />
                <SequencePoint vc="0" uspid="592" ordinal="6" offset="52" sl="228" sc="13" el="228" ec="44" bec="0" bev="0" fileid="14" />
                <SequencePoint vc="0" uspid="593" ordinal="7" offset="65" sl="230" sc="13" el="230" ec="42" bec="0" bev="0" fileid="14" />
                <SequencePoint vc="0" uspid="594" ordinal="8" offset="71" sl="232" sc="13" el="232" ec="48" bec="0" bev="0" fileid="14" />
                <SequencePoint vc="0" uspid="595" ordinal="9" offset="83" sl="233" sc="13" el="233" ec="54" bec="0" bev="0" fileid="14" />
                <SequencePoint vc="0" uspid="596" ordinal="10" offset="91" sl="234" sc="13" el="234" ec="49" bec="0" bev="0" fileid="14" />
                <SequencePoint vc="0" uspid="597" ordinal="11" offset="99" sl="236" sc="13" el="236" ec="44" bec="0" bev="0" fileid="14" />
                <SequencePoint vc="0" uspid="598" ordinal="12" offset="105" sl="238" sc="13" el="238" ec="48" bec="0" bev="0" fileid="14" />
                <SequencePoint vc="0" uspid="599" ordinal="13" offset="112" sl="239" sc="13" el="239" ec="77" bec="0" bev="0" fileid="14" />
                <SequencePoint vc="0" uspid="600" ordinal="14" offset="125" sl="240" sc="13" el="240" ec="35" bec="0" bev="0" fileid="14" />
                <SequencePoint vc="0" uspid="601" ordinal="15" offset="134" sl="241" sc="13" el="241" ec="36" bec="0" bev="0" fileid="14" />
                <SequencePoint vc="0" uspid="602" ordinal="16" offset="148" sl="242" sc="13" el="242" ec="37" bec="0" bev="0" fileid="14" />
                <SequencePoint vc="0" uspid="603" ordinal="17" offset="161" sl="244" sc="13" el="244" ec="44" bec="0" bev="0" fileid="14" />
                <SequencePoint vc="0" uspid="604" ordinal="18" offset="168" sl="246" sc="13" el="246" ec="48" bec="0" bev="0" fileid="14" />
                <SequencePoint vc="0" uspid="605" ordinal="19" offset="175" sl="247" sc="13" el="247" ec="35" bec="0" bev="0" fileid="14" />
                <SequencePoint vc="0" uspid="606" ordinal="20" offset="188" sl="249" sc="13" el="249" ec="49" bec="0" bev="0" fileid="14" />
                <SequencePoint vc="0" uspid="607" ordinal="21" offset="195" sl="250" sc="13" el="250" ec="42" bec="0" bev="0" fileid="14" />
                <SequencePoint vc="0" uspid="608" ordinal="22" offset="208" sl="252" sc="13" el="252" ec="51" bec="0" bev="0" fileid="14" />
                <SequencePoint vc="0" uspid="609" ordinal="23" offset="215" sl="253" sc="13" el="253" ec="44" bec="0" bev="0" fileid="14" />
                <SequencePoint vc="0" uspid="610" ordinal="24" offset="228" sl="255" sc="13" el="255" ec="52" bec="0" bev="0" fileid="14" />
                <SequencePoint vc="0" uspid="611" ordinal="25" offset="235" sl="256" sc="13" el="256" ec="48" bec="0" bev="0" fileid="14" />
                <SequencePoint vc="0" uspid="612" ordinal="26" offset="248" sl="258" sc="13" el="258" ec="36" bec="0" bev="0" fileid="14" />
                <SequencePoint vc="0" uspid="613" ordinal="27" offset="263" sl="259" sc="13" el="259" ec="37" bec="0" bev="0" fileid="14" />
                <SequencePoint vc="0" uspid="614" ordinal="28" offset="278" sl="260" sc="13" el="260" ec="39" bec="0" bev="0" fileid="14" />
                <SequencePoint vc="0" uspid="615" ordinal="29" offset="293" sl="261" sc="13" el="261" ec="40" bec="0" bev="0" fileid="14" />
                <SequencePoint vc="0" uspid="616" ordinal="30" offset="308" sl="263" sc="13" el="263" ec="37" bec="0" bev="0" fileid="14" />
                <SequencePoint vc="0" uspid="617" ordinal="31" offset="322" sl="265" sc="13" el="265" ec="20" bec="0" bev="0" fileid="14" />
                <SequencePoint vc="0" uspid="618" ordinal="32" offset="323" sl="265" sc="39" el="265" ec="47" bec="0" bev="0" fileid="14" />
                <SequencePoint vc="0" uspid="619" ordinal="33" offset="336" sl="265" sc="22" el="265" ec="35" bec="0" bev="0" fileid="14" />
                <SequencePoint vc="0" uspid="620" ordinal="34" offset="345" sl="266" sc="13" el="266" ec="14" bec="0" bev="0" fileid="14" />
                <SequencePoint vc="0" uspid="621" ordinal="35" offset="346" sl="267" sc="17" el="267" ec="47" bec="0" bev="0" fileid="14" />
                <SequencePoint vc="0" uspid="622" ordinal="36" offset="353" sl="269" sc="17" el="269" ec="51" bec="0" bev="0" fileid="14" />
                <SequencePoint vc="0" uspid="623" ordinal="37" offset="360" sl="270" sc="17" el="270" ec="43" bec="0" bev="0" fileid="14" />
                <SequencePoint vc="0" uspid="624" ordinal="38" offset="375" sl="272" sc="17" el="272" ec="52" bec="0" bev="0" fileid="14" />
                <SequencePoint vc="0" uspid="625" ordinal="39" offset="382" sl="273" sc="17" el="273" ec="60" bec="0" bev="0" fileid="14" />
                <SequencePoint vc="0" uspid="626" ordinal="40" offset="406" sl="275" sc="17" el="275" ec="54" bec="0" bev="0" fileid="14" />
                <SequencePoint vc="0" uspid="627" ordinal="41" offset="413" sl="276" sc="17" el="276" ec="62" bec="0" bev="0" fileid="14" />
                <SequencePoint vc="0" uspid="628" ordinal="42" offset="437" sl="278" sc="17" el="278" ec="55" bec="0" bev="0" fileid="14" />
                <SequencePoint vc="0" uspid="629" ordinal="43" offset="444" sl="279" sc="17" el="279" ec="66" bec="0" bev="0" fileid="14" />
                <SequencePoint vc="0" uspid="630" ordinal="44" offset="468" sl="281" sc="17" el="281" ec="38" bec="0" bev="0" fileid="14" />
                <SequencePoint vc="0" uspid="631" ordinal="45" offset="483" sl="282" sc="17" el="282" ec="39" bec="0" bev="0" fileid="14" />
                <SequencePoint vc="0" uspid="632" ordinal="46" offset="498" sl="283" sc="17" el="283" ec="41" bec="0" bev="0" fileid="14" />
                <SequencePoint vc="0" uspid="633" ordinal="47" offset="513" sl="284" sc="17" el="284" ec="42" bec="0" bev="0" fileid="14" />
                <SequencePoint vc="0" uspid="634" ordinal="48" offset="528" sl="286" sc="17" el="286" ec="40" bec="0" bev="0" fileid="14" />
                <SequencePoint vc="0" uspid="635" ordinal="49" offset="542" sl="287" sc="13" el="287" ec="14" bec="0" bev="0" fileid="14" />
                <SequencePoint vc="0" uspid="636" ordinal="50" offset="543" sl="265" sc="36" el="265" ec="38" bec="0" bev="0" fileid="14" />
                <SequencePoint vc="0" uspid="637" ordinal="51" offset="572" sl="288" sc="13" el="288" ec="42" bec="0" bev="0" fileid="14" />
                <SequencePoint vc="0" uspid="638" ordinal="52" offset="585" sl="290" sc="13" el="290" ec="44" bec="0" bev="0" fileid="14" />
                <SequencePoint vc="0" uspid="639" ordinal="53" offset="598" sl="291" sc="9" el="291" ec="10" bec="0" bev="0" fileid="14" />
              </SequencePoints>
              <BranchPoints />
              <MethodPoint xsi:type="SequencePoint" vc="0" uspid="586" ordinal="0" offset="0" sl="221" sc="9" el="221" ec="10" bec="0" bev="0" fileid="14" />
            </Method>
            <Method visited="false" cyclomaticComplexity="2" nPathComplexity="0" sequenceCoverage="0" branchCoverage="0" crapScore="6" isConstructor="false" isStatic="false" isGetter="false" isSetter="false">
              <Summary numSequencePoints="48" visitedSequencePoints="0" numBranchPoints="1" visitedBranchPoints="0" sequenceCoverage="0" branchCoverage="0" maxCyclomaticComplexity="2" minCyclomaticComplexity="2" maxCrapScore="6" minCrapScore="6" visitedClasses="0" numClasses="0" visitedMethods="0" numMethods="1" />
              <MetadataToken>100663345</MetadataToken>
              <Name>System.Void TerritoryCleaning.UIForClient::InsertThreeParameterData(System.Collections.Generic.List`1&lt;TerritoryCleaning.Family&gt;)</Name>
              <FileRef uid="14" />
              <SequencePoints>
                <SequencePoint vc="0" uspid="642" ordinal="0" offset="0" sl="297" sc="9" el="297" ec="10" bec="0" bev="0" fileid="14" />
                <SequencePoint vc="0" uspid="643" ordinal="1" offset="1" sl="298" sc="13" el="298" ec="39" bec="0" bev="0" fileid="14" />
                <SequencePoint vc="0" uspid="644" ordinal="2" offset="7" sl="299" sc="13" el="299" ec="33" bec="0" bev="0" fileid="14" />
                <SequencePoint vc="0" uspid="645" ordinal="3" offset="20" sl="301" sc="13" el="301" ec="44" bec="0" bev="0" fileid="14" />
                <SequencePoint vc="0" uspid="646" ordinal="4" offset="26" sl="302" sc="13" el="302" ec="34" bec="0" bev="0" fileid="14" />
                <SequencePoint vc="0" uspid="647" ordinal="5" offset="38" sl="303" sc="13" el="303" ec="36" bec="0" bev="0" fileid="14" />
                <SequencePoint vc="0" uspid="648" ordinal="6" offset="52" sl="304" sc="13" el="304" ec="44" bec="0" bev="0" fileid="14" />
                <SequencePoint vc="0" uspid="649" ordinal="7" offset="65" sl="306" sc="13" el="306" ec="42" bec="0" bev="0" fileid="14" />
                <SequencePoint vc="0" uspid="650" ordinal="8" offset="71" sl="308" sc="13" el="308" ec="48" bec="0" bev="0" fileid="14" />
                <SequencePoint vc="0" uspid="651" ordinal="9" offset="83" sl="309" sc="13" el="309" ec="54" bec="0" bev="0" fileid="14" />
                <SequencePoint vc="0" uspid="652" ordinal="10" offset="91" sl="310" sc="13" el="310" ec="49" bec="0" bev="0" fileid="14" />
                <SequencePoint vc="0" uspid="653" ordinal="11" offset="99" sl="312" sc="13" el="312" ec="44" bec="0" bev="0" fileid="14" />
                <SequencePoint vc="0" uspid="654" ordinal="12" offset="105" sl="314" sc="13" el="314" ec="48" bec="0" bev="0" fileid="14" />
                <SequencePoint vc="0" uspid="655" ordinal="13" offset="112" sl="315" sc="13" el="315" ec="81" bec="0" bev="0" fileid="14" />
                <SequencePoint vc="0" uspid="656" ordinal="14" offset="125" sl="316" sc="13" el="316" ec="35" bec="0" bev="0" fileid="14" />
                <SequencePoint vc="0" uspid="657" ordinal="15" offset="134" sl="317" sc="13" el="317" ec="36" bec="0" bev="0" fileid="14" />
                <SequencePoint vc="0" uspid="658" ordinal="16" offset="148" sl="318" sc="13" el="318" ec="37" bec="0" bev="0" fileid="14" />
                <SequencePoint vc="0" uspid="659" ordinal="17" offset="161" sl="320" sc="13" el="320" ec="44" bec="0" bev="0" fileid="14" />
                <SequencePoint vc="0" uspid="660" ordinal="18" offset="168" sl="322" sc="13" el="322" ec="49" bec="0" bev="0" fileid="14" />
                <SequencePoint vc="0" uspid="661" ordinal="19" offset="175" sl="323" sc="13" el="323" ec="37" bec="0" bev="0" fileid="14" />
                <SequencePoint vc="0" uspid="662" ordinal="20" offset="188" sl="325" sc="13" el="325" ec="48" bec="0" bev="0" fileid="14" />
                <SequencePoint vc="0" uspid="663" ordinal="21" offset="195" sl="326" sc="13" el="326" ec="35" bec="0" bev="0" fileid="14" />
                <SequencePoint vc="0" uspid="664" ordinal="22" offset="208" sl="328" sc="13" el="328" ec="52" bec="0" bev="0" fileid="14" />
                <SequencePoint vc="0" uspid="665" ordinal="23" offset="215" sl="329" sc="13" el="329" ec="46" bec="0" bev="0" fileid="14" />
                <SequencePoint vc="0" uspid="666" ordinal="24" offset="228" sl="332" sc="13" el="332" ec="37" bec="0" bev="0" fileid="14" />
                <SequencePoint vc="0" uspid="667" ordinal="25" offset="243" sl="333" sc="13" el="333" ec="36" bec="0" bev="0" fileid="14" />
                <SequencePoint vc="0" uspid="668" ordinal="26" offset="258" sl="334" sc="13" el="334" ec="40" bec="0" bev="0" fileid="14" />
                <SequencePoint vc="0" uspid="669" ordinal="27" offset="273" sl="336" sc="13" el="336" ec="37" bec="0" bev="0" fileid="14" />
                <SequencePoint vc="0" uspid="670" ordinal="28" offset="287" sl="338" sc="13" el="338" ec="20" bec="0" bev="0" fileid="14" />
                <SequencePoint vc="0" uspid="671" ordinal="29" offset="288" sl="338" sc="39" el="338" ec="47" bec="0" bev="0" fileid="14" />
                <SequencePoint vc="0" uspid="672" ordinal="30" offset="301" sl="338" sc="22" el="338" ec="35" bec="0" bev="0" fileid="14" />
                <SequencePoint vc="0" uspid="673" ordinal="31" offset="310" sl="339" sc="13" el="339" ec="14" bec="0" bev="0" fileid="14" />
                <SequencePoint vc="0" uspid="674" ordinal="32" offset="311" sl="340" sc="17" el="340" ec="47" bec="0" bev="0" fileid="14" />
                <SequencePoint vc="0" uspid="675" ordinal="33" offset="318" sl="342" sc="17" el="342" ec="52" bec="0" bev="0" fileid="14" />
                <SequencePoint vc="0" uspid="676" ordinal="34" offset="325" sl="343" sc="17" el="343" ec="45" bec="0" bev="0" fileid="14" />
                <SequencePoint vc="0" uspid="677" ordinal="35" offset="340" sl="345" sc="17" el="345" ec="51" bec="0" bev="0" fileid="14" />
                <SequencePoint vc="0" uspid="678" ordinal="36" offset="347" sl="346" sc="17" el="346" ec="43" bec="0" bev="0" fileid="14" />
                <SequencePoint vc="0" uspid="679" ordinal="37" offset="362" sl="348" sc="17" el="348" ec="55" bec="0" bev="0" fileid="14" />
                <SequencePoint vc="0" uspid="680" ordinal="38" offset="369" sl="349" sc="17" el="349" ec="64" bec="0" bev="0" fileid="14" />
                <SequencePoint vc="0" uspid="681" ordinal="39" offset="393" sl="351" sc="17" el="351" ec="39" bec="0" bev="0" fileid="14" />
                <SequencePoint vc="0" uspid="682" ordinal="40" offset="408" sl="352" sc="17" el="352" ec="38" bec="0" bev="0" fileid="14" />
                <SequencePoint vc="0" uspid="683" ordinal="41" offset="423" sl="353" sc="17" el="353" ec="42" bec="0" bev="0" fileid="14" />
                <SequencePoint vc="0" uspid="684" ordinal="42" offset="438" sl="355" sc="17" el="355" ec="40" bec="0" bev="0" fileid="14" />
                <SequencePoint vc="0" uspid="685" ordinal="43" offset="452" sl="356" sc="13" el="356" ec="14" bec="0" bev="0" fileid="14" />
                <SequencePoint vc="0" uspid="686" ordinal="44" offset="453" sl="338" sc="36" el="338" ec="38" bec="0" bev="0" fileid="14" />
                <SequencePoint vc="0" uspid="687" ordinal="45" offset="482" sl="357" sc="13" el="357" ec="42" bec="0" bev="0" fileid="14" />
                <SequencePoint vc="0" uspid="688" ordinal="46" offset="495" sl="359" sc="13" el="359" ec="44" bec="0" bev="0" fileid="14" />
                <SequencePoint vc="0" uspid="689" ordinal="47" offset="508" sl="360" sc="9" el="360" ec="10" bec="0" bev="0" fileid="14" />
              </SequencePoints>
              <BranchPoints />
              <MethodPoint xsi:type="SequencePoint" vc="0" uspid="642" ordinal="0" offset="0" sl="297" sc="9" el="297" ec="10" bec="0" bev="0" fileid="14" />
            </Method>
            <Method visited="false" cyclomaticComplexity="1" nPathComplexity="0" sequenceCoverage="0" branchCoverage="0" crapScore="2" isConstructor="true" isStatic="false" isGetter="false" isSetter="false">
              <Summary numSequencePoints="0" visitedSequencePoints="0" numBranchPoints="0" visitedBranchPoints="0" sequenceCoverage="0" branchCoverage="0" maxCyclomaticComplexity="1" minCyclomaticComplexity="1" maxCrapScore="2" minCrapScore="2" visitedClasses="0" numClasses="0" visitedMethods="0" numMethods="0" />
              <MetadataToken>100663346</MetadataToken>
              <Name>System.Void TerritoryCleaning.UIForClient::.ctor()</Name>
              <SequencePoints />
              <BranchPoints />
              <MethodPoint vc="0" uspid="692" ordinal="0" offset="0" />
            </Method>
          </Methods>
        </Class>
      </Classes>
    </Module>
  </Modules>
</CoverageSession>